
*** Running vivado
    with args -log system_wrapper.vdi -applog -m64 -product Vivado -messageDb vivado.pb -mode batch -source system_wrapper.tcl -notrace


****** Vivado v2018.2 (64-bit)
  **** SW Build 2258646 on Thu Jun 14 20:03:12 MDT 2018
  **** IP Build 2256618 on Thu Jun 14 22:10:49 MDT 2018
    ** Copyright 1986-2018 Xilinx, Inc. All Rights Reserved.

source system_wrapper.tcl -notrace
INFO: [IP_Flow 19-234] Refreshing IP repositories
INFO: [IP_Flow 19-1700] Loaded user IP repository 'c:/Users/Viktor/Desktop/study/verilog_shit/magSem3_FPGA/src/vivado-library'.
INFO: [IP_Flow 19-1700] Loaded user IP repository 'c:/Users/Viktor/Desktop/study/verilog_shit/magSem3_FPGA/src/VGA_1.0-master'.
INFO: [IP_Flow 19-2313] Loaded Vivado IP repository 'C:/Xilinx/Vivado/2018.2/data/ip'.
add_files: Time (s): cpu = 00:00:15 ; elapsed = 00:00:18 . Memory (MB): peak = 445.629 ; gain = 119.555
Command: link_design -top system_wrapper -part xc7z020clg484-1
Design is defaulting to srcset: sources_1
Design is defaulting to constrset: constrs_1
INFO: [Project 1-454] Reading design checkpoint 'c:/Users/Viktor/Desktop/study/verilog_shit/magSem3_FPGA/project/ZedBoard/ZedBoard.srcs/sources_1/bd/system/ip/system_PmodMTDS_0_0/system_PmodMTDS_0_0.dcp' for cell 'system_i/PmodMTDS_0'
INFO: [Project 1-454] Reading design checkpoint 'c:/Users/Viktor/Desktop/study/verilog_shit/magSem3_FPGA/project/ZedBoard/ZedBoard.srcs/sources_1/bd/system/ip/system_VGA_0_0/system_VGA_0_0.dcp' for cell 'system_i/VGA_0'
INFO: [Project 1-454] Reading design checkpoint 'c:/Users/Viktor/Desktop/study/verilog_shit/magSem3_FPGA/project/ZedBoard/ZedBoard.srcs/sources_1/bd/system/ip/system_axi_gpio_0_0/system_axi_gpio_0_0.dcp' for cell 'system_i/axi_gpio_0'
INFO: [Project 1-454] Reading design checkpoint 'c:/Users/Viktor/Desktop/study/verilog_shit/magSem3_FPGA/project/ZedBoard/ZedBoard.srcs/sources_1/bd/system/ip/system_axi_gpio_1_0/system_axi_gpio_1_0.dcp' for cell 'system_i/axi_gpio_1'
INFO: [Project 1-454] Reading design checkpoint 'c:/Users/Viktor/Desktop/study/verilog_shit/magSem3_FPGA/project/ZedBoard/ZedBoard.srcs/sources_1/bd/system/ip/system_processing_system7_0_0/system_processing_system7_0_0.dcp' for cell 'system_i/processing_system7_0'
INFO: [Project 1-454] Reading design checkpoint 'c:/Users/Viktor/Desktop/study/verilog_shit/magSem3_FPGA/project/ZedBoard/ZedBoard.srcs/sources_1/bd/system/ip/system_rst_ps7_0_100M_0/system_rst_ps7_0_100M_0.dcp' for cell 'system_i/rst_ps7_0_100M'
INFO: [Project 1-454] Reading design checkpoint 'c:/Users/Viktor/Desktop/study/verilog_shit/magSem3_FPGA/project/ZedBoard/ZedBoard.srcs/sources_1/bd/system/ip/system_system_ila_0_0/system_system_ila_0_0.dcp' for cell 'system_i/system_ila_0'
INFO: [Project 1-454] Reading design checkpoint 'c:/Users/Viktor/Desktop/study/verilog_shit/magSem3_FPGA/project/ZedBoard/ZedBoard.srcs/sources_1/bd/system/ip/system_s00_mmu_0/system_s00_mmu_0.dcp' for cell 'system_i/ps7_0_axi_periph/s00_mmu'
INFO: [Project 1-454] Reading design checkpoint 'c:/Users/Viktor/Desktop/study/verilog_shit/magSem3_FPGA/project/ZedBoard/ZedBoard.srcs/sources_1/bd/system/ip/system_xbar_0/system_xbar_0.dcp' for cell 'system_i/ps7_0_axi_periph/xbar'
INFO: [Project 1-454] Reading design checkpoint 'c:/Users/Viktor/Desktop/study/verilog_shit/magSem3_FPGA/project/ZedBoard/ZedBoard.srcs/sources_1/bd/system/ip/system_auto_ds_0/system_auto_ds_0.dcp' for cell 'system_i/ps7_0_axi_periph/m00_couplers/auto_ds'
INFO: [Project 1-454] Reading design checkpoint 'c:/Users/Viktor/Desktop/study/verilog_shit/magSem3_FPGA/project/ZedBoard/ZedBoard.srcs/sources_1/bd/system/ip/system_auto_pc_0/system_auto_pc_0.dcp' for cell 'system_i/ps7_0_axi_periph/m00_couplers/auto_pc'
INFO: [Project 1-454] Reading design checkpoint 'c:/Users/Viktor/Desktop/study/verilog_shit/magSem3_FPGA/project/ZedBoard/ZedBoard.srcs/sources_1/bd/system/ip/system_auto_ds_1/system_auto_ds_1.dcp' for cell 'system_i/ps7_0_axi_periph/m01_couplers/auto_ds'
INFO: [Project 1-454] Reading design checkpoint 'c:/Users/Viktor/Desktop/study/verilog_shit/magSem3_FPGA/project/ZedBoard/ZedBoard.srcs/sources_1/bd/system/ip/system_auto_pc_1/system_auto_pc_1.dcp' for cell 'system_i/ps7_0_axi_periph/m01_couplers/auto_pc'
INFO: [Project 1-454] Reading design checkpoint 'c:/Users/Viktor/Desktop/study/verilog_shit/magSem3_FPGA/project/ZedBoard/ZedBoard.srcs/sources_1/bd/system/ip/system_auto_ds_2/system_auto_ds_2.dcp' for cell 'system_i/ps7_0_axi_periph/m02_couplers/auto_ds'
INFO: [Project 1-454] Reading design checkpoint 'c:/Users/Viktor/Desktop/study/verilog_shit/magSem3_FPGA/project/ZedBoard/ZedBoard.srcs/sources_1/bd/system/ip/system_auto_pc_2/system_auto_pc_2.dcp' for cell 'system_i/ps7_0_axi_periph/m02_couplers/auto_pc'
INFO: [Project 1-454] Reading design checkpoint 'c:/Users/Viktor/Desktop/study/verilog_shit/magSem3_FPGA/project/ZedBoard/ZedBoard.srcs/sources_1/bd/system/ip/system_auto_ds_3/system_auto_ds_3.dcp' for cell 'system_i/ps7_0_axi_periph/m03_couplers/auto_ds'
INFO: [Project 1-454] Reading design checkpoint 'c:/Users/Viktor/Desktop/study/verilog_shit/magSem3_FPGA/project/ZedBoard/ZedBoard.srcs/sources_1/bd/system/ip/system_auto_pc_3/system_auto_pc_3.dcp' for cell 'system_i/ps7_0_axi_periph/m03_couplers/auto_pc'
INFO: [Project 1-454] Reading design checkpoint 'c:/Users/Viktor/Desktop/study/verilog_shit/magSem3_FPGA/project/ZedBoard/ZedBoard.srcs/sources_1/bd/system/ip/system_auto_ds_4/system_auto_ds_4.dcp' for cell 'system_i/ps7_0_axi_periph/m04_couplers/auto_ds'
INFO: [Project 1-454] Reading design checkpoint 'c:/Users/Viktor/Desktop/study/verilog_shit/magSem3_FPGA/project/ZedBoard/ZedBoard.srcs/sources_1/bd/system/ip/system_auto_pc_4/system_auto_pc_4.dcp' for cell 'system_i/ps7_0_axi_periph/m04_couplers/auto_pc'
INFO: [Project 1-454] Reading design checkpoint 'c:/Users/Viktor/Desktop/study/verilog_shit/magSem3_FPGA/project/ZedBoard/ZedBoard.srcs/sources_1/bd/system/ip/system_auto_ds_5/system_auto_ds_5.dcp' for cell 'system_i/ps7_0_axi_periph/m06_couplers/auto_ds'
INFO: [Project 1-454] Reading design checkpoint 'c:/Users/Viktor/Desktop/study/verilog_shit/magSem3_FPGA/project/ZedBoard/ZedBoard.srcs/sources_1/bd/system/ip/system_auto_pc_5/system_auto_pc_5.dcp' for cell 'system_i/ps7_0_axi_periph/m06_couplers/auto_pc'
INFO: [Project 1-454] Reading design checkpoint 'c:/Users/Viktor/Desktop/study/verilog_shit/magSem3_FPGA/project/ZedBoard/ZedBoard.srcs/sources_1/bd/system/ip/system_auto_pc_6/system_auto_pc_6.dcp' for cell 'system_i/ps7_0_axi_periph/m09_couplers/auto_pc'
INFO: [Project 1-454] Reading design checkpoint 'c:/Users/Viktor/Desktop/study/verilog_shit/magSem3_FPGA/project/ZedBoard/ZedBoard.srcs/sources_1/bd/system/ip/system_auto_pc_7/system_auto_pc_7.dcp' for cell 'system_i/ps7_0_axi_periph/s00_couplers/auto_pc'
INFO: [Project 1-454] Reading design checkpoint 'c:/Users/Viktor/Desktop/study/verilog_shit/magSem3_FPGA/project/ZedBoard/ZedBoard.srcs/sources_1/bd/system/ip/system_auto_us_0/system_auto_us_0.dcp' for cell 'system_i/ps7_0_axi_periph/s00_couplers/auto_us'
INFO: [Netlist 29-17] Analyzing 497 Unisim elements for replacement
INFO: [Netlist 29-28] Unisim Transformation completed in 0 CPU seconds
INFO: [Project 1-479] Netlist was created with Vivado 2018.2
INFO: [Device 21-403] Loading part xc7z020clg484-1
INFO: [Project 1-570] Preparing netlist for logic optimization
INFO: [Chipscope 16-324] Core: system_i/system_ila_0/inst/ila_lib UUID: 45d3035b-fe74-5890-a869-ed7d93cda129 
INFO: [Timing 38-35] Done setting XDC timing constraints.
WARNING: [Chipscope 16-359] Could not find a valid clock port for hub dbg_hub. C_CLK_INPUT_FREQ_HZ will get an empty value in the LTX file
WARNING: [Chipscope 16-359] Could not find a valid clock port for hub dbg_hub. C_CLK_INPUT_FREQ_HZ will get an empty value in the LTX file
WARNING: [Chipscope 16-359] Could not find a valid clock port for hub dbg_hub. C_CLK_INPUT_FREQ_HZ will get an empty value in the LTX file
WARNING: [Chipscope 16-359] Could not find a valid clock port for hub dbg_hub. C_CLK_INPUT_FREQ_HZ will get an empty value in the LTX file
WARNING: [Chipscope 16-359] Could not find a valid clock port for hub dbg_hub. C_CLK_INPUT_FREQ_HZ will get an empty value in the LTX file
Parsing XDC File [c:/Users/Viktor/Desktop/study/verilog_shit/magSem3_FPGA/project/ZedBoard/ZedBoard.srcs/sources_1/bd/system/ip/system_processing_system7_0_0/system_processing_system7_0_0.xdc] for cell 'system_i/processing_system7_0/inst'
Finished Parsing XDC File [c:/Users/Viktor/Desktop/study/verilog_shit/magSem3_FPGA/project/ZedBoard/ZedBoard.srcs/sources_1/bd/system/ip/system_processing_system7_0_0/system_processing_system7_0_0.xdc] for cell 'system_i/processing_system7_0/inst'
Parsing XDC File [c:/Users/Viktor/Desktop/study/verilog_shit/magSem3_FPGA/project/ZedBoard/ZedBoard.srcs/sources_1/bd/system/ip/system_axi_gpio_0_0/system_axi_gpio_0_0_board.xdc] for cell 'system_i/axi_gpio_0/U0'
Finished Parsing XDC File [c:/Users/Viktor/Desktop/study/verilog_shit/magSem3_FPGA/project/ZedBoard/ZedBoard.srcs/sources_1/bd/system/ip/system_axi_gpio_0_0/system_axi_gpio_0_0_board.xdc] for cell 'system_i/axi_gpio_0/U0'
Parsing XDC File [c:/Users/Viktor/Desktop/study/verilog_shit/magSem3_FPGA/project/ZedBoard/ZedBoard.srcs/sources_1/bd/system/ip/system_axi_gpio_0_0/system_axi_gpio_0_0.xdc] for cell 'system_i/axi_gpio_0/U0'
Finished Parsing XDC File [c:/Users/Viktor/Desktop/study/verilog_shit/magSem3_FPGA/project/ZedBoard/ZedBoard.srcs/sources_1/bd/system/ip/system_axi_gpio_0_0/system_axi_gpio_0_0.xdc] for cell 'system_i/axi_gpio_0/U0'
Parsing XDC File [c:/Users/Viktor/Desktop/study/verilog_shit/magSem3_FPGA/project/ZedBoard/ZedBoard.srcs/sources_1/bd/system/ip/system_axi_gpio_1_0/system_axi_gpio_1_0_board.xdc] for cell 'system_i/axi_gpio_1/U0'
Finished Parsing XDC File [c:/Users/Viktor/Desktop/study/verilog_shit/magSem3_FPGA/project/ZedBoard/ZedBoard.srcs/sources_1/bd/system/ip/system_axi_gpio_1_0/system_axi_gpio_1_0_board.xdc] for cell 'system_i/axi_gpio_1/U0'
Parsing XDC File [c:/Users/Viktor/Desktop/study/verilog_shit/magSem3_FPGA/project/ZedBoard/ZedBoard.srcs/sources_1/bd/system/ip/system_axi_gpio_1_0/system_axi_gpio_1_0.xdc] for cell 'system_i/axi_gpio_1/U0'
Finished Parsing XDC File [c:/Users/Viktor/Desktop/study/verilog_shit/magSem3_FPGA/project/ZedBoard/ZedBoard.srcs/sources_1/bd/system/ip/system_axi_gpio_1_0/system_axi_gpio_1_0.xdc] for cell 'system_i/axi_gpio_1/U0'
Parsing XDC File [c:/Users/Viktor/Desktop/study/verilog_shit/magSem3_FPGA/project/ZedBoard/ZedBoard.srcs/sources_1/bd/system/ip/system_PmodMTDS_0_0/src/PmodMTDS_pmod_bridge_0_0/PmodMTDS_pmod_bridge_0_0_board.xdc] for cell 'system_i/PmodMTDS_0/inst/genblk1.pmod_bridge_0/inst'
Finished Parsing XDC File [c:/Users/Viktor/Desktop/study/verilog_shit/magSem3_FPGA/project/ZedBoard/ZedBoard.srcs/sources_1/bd/system/ip/system_PmodMTDS_0_0/src/PmodMTDS_pmod_bridge_0_0/PmodMTDS_pmod_bridge_0_0_board.xdc] for cell 'system_i/PmodMTDS_0/inst/genblk1.pmod_bridge_0/inst'
Parsing XDC File [c:/Users/Viktor/Desktop/study/verilog_shit/magSem3_FPGA/project/ZedBoard/ZedBoard.srcs/sources_1/bd/system/ip/system_PmodMTDS_0_0/src/PmodMTDS_axi_quad_spi_0_0/PmodMTDS_axi_quad_spi_0_0_board.xdc] for cell 'system_i/PmodMTDS_0/inst/axi_quad_spi_0/U0'
Finished Parsing XDC File [c:/Users/Viktor/Desktop/study/verilog_shit/magSem3_FPGA/project/ZedBoard/ZedBoard.srcs/sources_1/bd/system/ip/system_PmodMTDS_0_0/src/PmodMTDS_axi_quad_spi_0_0/PmodMTDS_axi_quad_spi_0_0_board.xdc] for cell 'system_i/PmodMTDS_0/inst/axi_quad_spi_0/U0'
Parsing XDC File [c:/Users/Viktor/Desktop/study/verilog_shit/magSem3_FPGA/project/ZedBoard/ZedBoard.srcs/sources_1/bd/system/ip/system_PmodMTDS_0_0/src/PmodMTDS_axi_quad_spi_0_0/PmodMTDS_axi_quad_spi_0_0.xdc] for cell 'system_i/PmodMTDS_0/inst/axi_quad_spi_0/U0'
Finished Parsing XDC File [c:/Users/Viktor/Desktop/study/verilog_shit/magSem3_FPGA/project/ZedBoard/ZedBoard.srcs/sources_1/bd/system/ip/system_PmodMTDS_0_0/src/PmodMTDS_axi_quad_spi_0_0/PmodMTDS_axi_quad_spi_0_0.xdc] for cell 'system_i/PmodMTDS_0/inst/axi_quad_spi_0/U0'
Parsing XDC File [c:/Users/Viktor/Desktop/study/verilog_shit/magSem3_FPGA/project/ZedBoard/ZedBoard.srcs/sources_1/bd/system/ip/system_PmodMTDS_0_0/src/PmodMTDS_axi_gpio_0_0/PmodMTDS_axi_gpio_0_0_board.xdc] for cell 'system_i/PmodMTDS_0/inst/axi_gpio_0/U0'
Finished Parsing XDC File [c:/Users/Viktor/Desktop/study/verilog_shit/magSem3_FPGA/project/ZedBoard/ZedBoard.srcs/sources_1/bd/system/ip/system_PmodMTDS_0_0/src/PmodMTDS_axi_gpio_0_0/PmodMTDS_axi_gpio_0_0_board.xdc] for cell 'system_i/PmodMTDS_0/inst/axi_gpio_0/U0'
Parsing XDC File [c:/Users/Viktor/Desktop/study/verilog_shit/magSem3_FPGA/project/ZedBoard/ZedBoard.srcs/sources_1/bd/system/ip/system_PmodMTDS_0_0/src/PmodMTDS_axi_gpio_0_0/PmodMTDS_axi_gpio_0_0.xdc] for cell 'system_i/PmodMTDS_0/inst/axi_gpio_0/U0'
Finished Parsing XDC File [c:/Users/Viktor/Desktop/study/verilog_shit/magSem3_FPGA/project/ZedBoard/ZedBoard.srcs/sources_1/bd/system/ip/system_PmodMTDS_0_0/src/PmodMTDS_axi_gpio_0_0/PmodMTDS_axi_gpio_0_0.xdc] for cell 'system_i/PmodMTDS_0/inst/axi_gpio_0/U0'
Parsing XDC File [c:/Users/Viktor/Desktop/study/verilog_shit/magSem3_FPGA/project/ZedBoard/ZedBoard.srcs/sources_1/bd/system/ip/system_PmodMTDS_0_0/src/axi_timer_0/axi_timer_0.xdc] for cell 'system_i/PmodMTDS_0/inst/axi_timer_0/U0'
Finished Parsing XDC File [c:/Users/Viktor/Desktop/study/verilog_shit/magSem3_FPGA/project/ZedBoard/ZedBoard.srcs/sources_1/bd/system/ip/system_PmodMTDS_0_0/src/axi_timer_0/axi_timer_0.xdc] for cell 'system_i/PmodMTDS_0/inst/axi_timer_0/U0'
Parsing XDC File [c:/Users/Viktor/Desktop/study/verilog_shit/magSem3_FPGA/project/ZedBoard/ZedBoard.srcs/sources_1/bd/system/ip/system_PmodMTDS_0_0/system_PmodMTDS_0_0_board.xdc] for cell 'system_i/PmodMTDS_0/inst'
Finished Parsing XDC File [c:/Users/Viktor/Desktop/study/verilog_shit/magSem3_FPGA/project/ZedBoard/ZedBoard.srcs/sources_1/bd/system/ip/system_PmodMTDS_0_0/system_PmodMTDS_0_0_board.xdc] for cell 'system_i/PmodMTDS_0/inst'
Parsing XDC File [c:/Users/Viktor/Desktop/study/verilog_shit/magSem3_FPGA/project/ZedBoard/ZedBoard.srcs/sources_1/bd/system/ip/system_rst_ps7_0_100M_0/system_rst_ps7_0_100M_0_board.xdc] for cell 'system_i/rst_ps7_0_100M/U0'
Finished Parsing XDC File [c:/Users/Viktor/Desktop/study/verilog_shit/magSem3_FPGA/project/ZedBoard/ZedBoard.srcs/sources_1/bd/system/ip/system_rst_ps7_0_100M_0/system_rst_ps7_0_100M_0_board.xdc] for cell 'system_i/rst_ps7_0_100M/U0'
Parsing XDC File [c:/Users/Viktor/Desktop/study/verilog_shit/magSem3_FPGA/project/ZedBoard/ZedBoard.srcs/sources_1/bd/system/ip/system_rst_ps7_0_100M_0/system_rst_ps7_0_100M_0.xdc] for cell 'system_i/rst_ps7_0_100M/U0'
Finished Parsing XDC File [c:/Users/Viktor/Desktop/study/verilog_shit/magSem3_FPGA/project/ZedBoard/ZedBoard.srcs/sources_1/bd/system/ip/system_rst_ps7_0_100M_0/system_rst_ps7_0_100M_0.xdc] for cell 'system_i/rst_ps7_0_100M/U0'
Parsing XDC File [c:/Users/Viktor/Desktop/study/verilog_shit/magSem3_FPGA/project/ZedBoard/ZedBoard.srcs/sources_1/bd/system/ip/system_system_ila_0_0/bd_0/ip/ip_0/ila_v6_2/constraints/ila_impl.xdc] for cell 'system_i/system_ila_0/inst/ila_lib/inst'
Finished Parsing XDC File [c:/Users/Viktor/Desktop/study/verilog_shit/magSem3_FPGA/project/ZedBoard/ZedBoard.srcs/sources_1/bd/system/ip/system_system_ila_0_0/bd_0/ip/ip_0/ila_v6_2/constraints/ila_impl.xdc] for cell 'system_i/system_ila_0/inst/ila_lib/inst'
Parsing XDC File [c:/Users/Viktor/Desktop/study/verilog_shit/magSem3_FPGA/project/ZedBoard/ZedBoard.srcs/sources_1/bd/system/ip/system_system_ila_0_0/bd_0/ip/ip_0/ila_v6_2/constraints/ila.xdc] for cell 'system_i/system_ila_0/inst/ila_lib/inst'
Finished Parsing XDC File [c:/Users/Viktor/Desktop/study/verilog_shit/magSem3_FPGA/project/ZedBoard/ZedBoard.srcs/sources_1/bd/system/ip/system_system_ila_0_0/bd_0/ip/ip_0/ila_v6_2/constraints/ila.xdc] for cell 'system_i/system_ila_0/inst/ila_lib/inst'
Parsing XDC File [C:/Users/Viktor/Desktop/study/verilog_shit/magSem3_FPGA/src/xdc/zedboard_master_XDC_RevC_D_v3.xdc]
Finished Parsing XDC File [C:/Users/Viktor/Desktop/study/verilog_shit/magSem3_FPGA/src/xdc/zedboard_master_XDC_RevC_D_v3.xdc]
Parsing XDC File [c:/Users/Viktor/Desktop/study/verilog_shit/magSem3_FPGA/project/ZedBoard/ZedBoard.srcs/sources_1/bd/system/ip/system_PmodMTDS_0_0/src/PmodMTDS_axi_quad_spi_0_0/PmodMTDS_axi_quad_spi_0_0_clocks.xdc] for cell 'system_i/PmodMTDS_0/inst/axi_quad_spi_0/U0'
Finished Parsing XDC File [c:/Users/Viktor/Desktop/study/verilog_shit/magSem3_FPGA/project/ZedBoard/ZedBoard.srcs/sources_1/bd/system/ip/system_PmodMTDS_0_0/src/PmodMTDS_axi_quad_spi_0_0/PmodMTDS_axi_quad_spi_0_0_clocks.xdc] for cell 'system_i/PmodMTDS_0/inst/axi_quad_spi_0/U0'
Parsing XDC File [c:/Users/Viktor/Desktop/study/verilog_shit/magSem3_FPGA/project/ZedBoard/ZedBoard.srcs/sources_1/bd/system/ip/system_auto_ds_5/system_auto_ds_5_clocks.xdc] for cell 'system_i/ps7_0_axi_periph/m06_couplers/auto_ds/inst'
Finished Parsing XDC File [c:/Users/Viktor/Desktop/study/verilog_shit/magSem3_FPGA/project/ZedBoard/ZedBoard.srcs/sources_1/bd/system/ip/system_auto_ds_5/system_auto_ds_5_clocks.xdc] for cell 'system_i/ps7_0_axi_periph/m06_couplers/auto_ds/inst'
Parsing XDC File [c:/Users/Viktor/Desktop/study/verilog_shit/magSem3_FPGA/project/ZedBoard/ZedBoard.srcs/sources_1/bd/system/ip/system_auto_ds_4/system_auto_ds_4_clocks.xdc] for cell 'system_i/ps7_0_axi_periph/m04_couplers/auto_ds/inst'
Finished Parsing XDC File [c:/Users/Viktor/Desktop/study/verilog_shit/magSem3_FPGA/project/ZedBoard/ZedBoard.srcs/sources_1/bd/system/ip/system_auto_ds_4/system_auto_ds_4_clocks.xdc] for cell 'system_i/ps7_0_axi_periph/m04_couplers/auto_ds/inst'
Parsing XDC File [c:/Users/Viktor/Desktop/study/verilog_shit/magSem3_FPGA/project/ZedBoard/ZedBoard.srcs/sources_1/bd/system/ip/system_auto_ds_3/system_auto_ds_3_clocks.xdc] for cell 'system_i/ps7_0_axi_periph/m03_couplers/auto_ds/inst'
Finished Parsing XDC File [c:/Users/Viktor/Desktop/study/verilog_shit/magSem3_FPGA/project/ZedBoard/ZedBoard.srcs/sources_1/bd/system/ip/system_auto_ds_3/system_auto_ds_3_clocks.xdc] for cell 'system_i/ps7_0_axi_periph/m03_couplers/auto_ds/inst'
Parsing XDC File [c:/Users/Viktor/Desktop/study/verilog_shit/magSem3_FPGA/project/ZedBoard/ZedBoard.srcs/sources_1/bd/system/ip/system_auto_ds_2/system_auto_ds_2_clocks.xdc] for cell 'system_i/ps7_0_axi_periph/m02_couplers/auto_ds/inst'
Finished Parsing XDC File [c:/Users/Viktor/Desktop/study/verilog_shit/magSem3_FPGA/project/ZedBoard/ZedBoard.srcs/sources_1/bd/system/ip/system_auto_ds_2/system_auto_ds_2_clocks.xdc] for cell 'system_i/ps7_0_axi_periph/m02_couplers/auto_ds/inst'
Parsing XDC File [c:/Users/Viktor/Desktop/study/verilog_shit/magSem3_FPGA/project/ZedBoard/ZedBoard.srcs/sources_1/bd/system/ip/system_auto_ds_1/system_auto_ds_1_clocks.xdc] for cell 'system_i/ps7_0_axi_periph/m01_couplers/auto_ds/inst'
Finished Parsing XDC File [c:/Users/Viktor/Desktop/study/verilog_shit/magSem3_FPGA/project/ZedBoard/ZedBoard.srcs/sources_1/bd/system/ip/system_auto_ds_1/system_auto_ds_1_clocks.xdc] for cell 'system_i/ps7_0_axi_periph/m01_couplers/auto_ds/inst'
Parsing XDC File [c:/Users/Viktor/Desktop/study/verilog_shit/magSem3_FPGA/project/ZedBoard/ZedBoard.srcs/sources_1/bd/system/ip/system_auto_ds_0/system_auto_ds_0_clocks.xdc] for cell 'system_i/ps7_0_axi_periph/m00_couplers/auto_ds/inst'
Finished Parsing XDC File [c:/Users/Viktor/Desktop/study/verilog_shit/magSem3_FPGA/project/ZedBoard/ZedBoard.srcs/sources_1/bd/system/ip/system_auto_ds_0/system_auto_ds_0_clocks.xdc] for cell 'system_i/ps7_0_axi_periph/m00_couplers/auto_ds/inst'
Parsing XDC File [c:/Users/Viktor/Desktop/study/verilog_shit/magSem3_FPGA/project/ZedBoard/ZedBoard.srcs/sources_1/bd/system/ip/system_auto_us_0/system_auto_us_0_clocks.xdc] for cell 'system_i/ps7_0_axi_periph/s00_couplers/auto_us/inst'
Finished Parsing XDC File [c:/Users/Viktor/Desktop/study/verilog_shit/magSem3_FPGA/project/ZedBoard/ZedBoard.srcs/sources_1/bd/system/ip/system_auto_us_0/system_auto_us_0_clocks.xdc] for cell 'system_i/ps7_0_axi_periph/s00_couplers/auto_us/inst'
Sourcing Tcl File [C:/Xilinx/Vivado/2018.2/data/ip/xpm/xpm_cdc/tcl/xpm_cdc_async_rst.tcl] for cell 'system_i/ps7_0_axi_periph/m00_couplers/auto_ds/inst/gen_downsizer.gen_simple_downsizer.axi_downsizer_inst/USE_READ.read_addr_inst/cmd_queue/inst/fifo_gen_inst/inst_fifo_gen/gconvfifo.rf/grf.rf/rstblk/ngwrdrst.grst.g7serrst.gnsckt_wrst.rst_wr_reg2_inst'
Finished Sourcing Tcl File [C:/Xilinx/Vivado/2018.2/data/ip/xpm/xpm_cdc/tcl/xpm_cdc_async_rst.tcl] for cell 'system_i/ps7_0_axi_periph/m00_couplers/auto_ds/inst/gen_downsizer.gen_simple_downsizer.axi_downsizer_inst/USE_READ.read_addr_inst/cmd_queue/inst/fifo_gen_inst/inst_fifo_gen/gconvfifo.rf/grf.rf/rstblk/ngwrdrst.grst.g7serrst.gnsckt_wrst.rst_wr_reg2_inst'
Sourcing Tcl File [C:/Xilinx/Vivado/2018.2/data/ip/xpm/xpm_cdc/tcl/xpm_cdc_async_rst.tcl] for cell 'system_i/ps7_0_axi_periph/m00_couplers/auto_ds/inst/gen_downsizer.gen_simple_downsizer.axi_downsizer_inst/USE_WRITE.write_addr_inst/USE_B_CHANNEL.cmd_b_queue/inst/fifo_gen_inst/inst_fifo_gen/gconvfifo.rf/grf.rf/rstblk/ngwrdrst.grst.g7serrst.gnsckt_wrst.rst_wr_reg2_inst'
Finished Sourcing Tcl File [C:/Xilinx/Vivado/2018.2/data/ip/xpm/xpm_cdc/tcl/xpm_cdc_async_rst.tcl] for cell 'system_i/ps7_0_axi_periph/m00_couplers/auto_ds/inst/gen_downsizer.gen_simple_downsizer.axi_downsizer_inst/USE_WRITE.write_addr_inst/USE_B_CHANNEL.cmd_b_queue/inst/fifo_gen_inst/inst_fifo_gen/gconvfifo.rf/grf.rf/rstblk/ngwrdrst.grst.g7serrst.gnsckt_wrst.rst_wr_reg2_inst'
Sourcing Tcl File [C:/Xilinx/Vivado/2018.2/data/ip/xpm/xpm_cdc/tcl/xpm_cdc_async_rst.tcl] for cell 'system_i/ps7_0_axi_periph/m00_couplers/auto_ds/inst/gen_downsizer.gen_simple_downsizer.axi_downsizer_inst/USE_WRITE.write_addr_inst/cmd_queue/inst/fifo_gen_inst/inst_fifo_gen/gconvfifo.rf/grf.rf/rstblk/ngwrdrst.grst.g7serrst.gnsckt_wrst.rst_wr_reg2_inst'
Finished Sourcing Tcl File [C:/Xilinx/Vivado/2018.2/data/ip/xpm/xpm_cdc/tcl/xpm_cdc_async_rst.tcl] for cell 'system_i/ps7_0_axi_periph/m00_couplers/auto_ds/inst/gen_downsizer.gen_simple_downsizer.axi_downsizer_inst/USE_WRITE.write_addr_inst/cmd_queue/inst/fifo_gen_inst/inst_fifo_gen/gconvfifo.rf/grf.rf/rstblk/ngwrdrst.grst.g7serrst.gnsckt_wrst.rst_wr_reg2_inst'
Sourcing Tcl File [C:/Xilinx/Vivado/2018.2/data/ip/xpm/xpm_cdc/tcl/xpm_cdc_async_rst.tcl] for cell 'system_i/ps7_0_axi_periph/m01_couplers/auto_ds/inst/gen_downsizer.gen_simple_downsizer.axi_downsizer_inst/USE_READ.read_addr_inst/cmd_queue/inst/fifo_gen_inst/inst_fifo_gen/gconvfifo.rf/grf.rf/rstblk/ngwrdrst.grst.g7serrst.gnsckt_wrst.rst_wr_reg2_inst'
Finished Sourcing Tcl File [C:/Xilinx/Vivado/2018.2/data/ip/xpm/xpm_cdc/tcl/xpm_cdc_async_rst.tcl] for cell 'system_i/ps7_0_axi_periph/m01_couplers/auto_ds/inst/gen_downsizer.gen_simple_downsizer.axi_downsizer_inst/USE_READ.read_addr_inst/cmd_queue/inst/fifo_gen_inst/inst_fifo_gen/gconvfifo.rf/grf.rf/rstblk/ngwrdrst.grst.g7serrst.gnsckt_wrst.rst_wr_reg2_inst'
Sourcing Tcl File [C:/Xilinx/Vivado/2018.2/data/ip/xpm/xpm_cdc/tcl/xpm_cdc_async_rst.tcl] for cell 'system_i/ps7_0_axi_periph/m01_couplers/auto_ds/inst/gen_downsizer.gen_simple_downsizer.axi_downsizer_inst/USE_WRITE.write_addr_inst/USE_B_CHANNEL.cmd_b_queue/inst/fifo_gen_inst/inst_fifo_gen/gconvfifo.rf/grf.rf/rstblk/ngwrdrst.grst.g7serrst.gnsckt_wrst.rst_wr_reg2_inst'
Finished Sourcing Tcl File [C:/Xilinx/Vivado/2018.2/data/ip/xpm/xpm_cdc/tcl/xpm_cdc_async_rst.tcl] for cell 'system_i/ps7_0_axi_periph/m01_couplers/auto_ds/inst/gen_downsizer.gen_simple_downsizer.axi_downsizer_inst/USE_WRITE.write_addr_inst/USE_B_CHANNEL.cmd_b_queue/inst/fifo_gen_inst/inst_fifo_gen/gconvfifo.rf/grf.rf/rstblk/ngwrdrst.grst.g7serrst.gnsckt_wrst.rst_wr_reg2_inst'
Sourcing Tcl File [C:/Xilinx/Vivado/2018.2/data/ip/xpm/xpm_cdc/tcl/xpm_cdc_async_rst.tcl] for cell 'system_i/ps7_0_axi_periph/m01_couplers/auto_ds/inst/gen_downsizer.gen_simple_downsizer.axi_downsizer_inst/USE_WRITE.write_addr_inst/cmd_queue/inst/fifo_gen_inst/inst_fifo_gen/gconvfifo.rf/grf.rf/rstblk/ngwrdrst.grst.g7serrst.gnsckt_wrst.rst_wr_reg2_inst'
Finished Sourcing Tcl File [C:/Xilinx/Vivado/2018.2/data/ip/xpm/xpm_cdc/tcl/xpm_cdc_async_rst.tcl] for cell 'system_i/ps7_0_axi_periph/m01_couplers/auto_ds/inst/gen_downsizer.gen_simple_downsizer.axi_downsizer_inst/USE_WRITE.write_addr_inst/cmd_queue/inst/fifo_gen_inst/inst_fifo_gen/gconvfifo.rf/grf.rf/rstblk/ngwrdrst.grst.g7serrst.gnsckt_wrst.rst_wr_reg2_inst'
Sourcing Tcl File [C:/Xilinx/Vivado/2018.2/data/ip/xpm/xpm_cdc/tcl/xpm_cdc_async_rst.tcl] for cell 'system_i/ps7_0_axi_periph/m02_couplers/auto_ds/inst/gen_downsizer.gen_simple_downsizer.axi_downsizer_inst/USE_READ.read_addr_inst/cmd_queue/inst/fifo_gen_inst/inst_fifo_gen/gconvfifo.rf/grf.rf/rstblk/ngwrdrst.grst.g7serrst.gnsckt_wrst.rst_wr_reg2_inst'
Finished Sourcing Tcl File [C:/Xilinx/Vivado/2018.2/data/ip/xpm/xpm_cdc/tcl/xpm_cdc_async_rst.tcl] for cell 'system_i/ps7_0_axi_periph/m02_couplers/auto_ds/inst/gen_downsizer.gen_simple_downsizer.axi_downsizer_inst/USE_READ.read_addr_inst/cmd_queue/inst/fifo_gen_inst/inst_fifo_gen/gconvfifo.rf/grf.rf/rstblk/ngwrdrst.grst.g7serrst.gnsckt_wrst.rst_wr_reg2_inst'
Sourcing Tcl File [C:/Xilinx/Vivado/2018.2/data/ip/xpm/xpm_cdc/tcl/xpm_cdc_async_rst.tcl] for cell 'system_i/ps7_0_axi_periph/m02_couplers/auto_ds/inst/gen_downsizer.gen_simple_downsizer.axi_downsizer_inst/USE_WRITE.write_addr_inst/USE_B_CHANNEL.cmd_b_queue/inst/fifo_gen_inst/inst_fifo_gen/gconvfifo.rf/grf.rf/rstblk/ngwrdrst.grst.g7serrst.gnsckt_wrst.rst_wr_reg2_inst'
Finished Sourcing Tcl File [C:/Xilinx/Vivado/2018.2/data/ip/xpm/xpm_cdc/tcl/xpm_cdc_async_rst.tcl] for cell 'system_i/ps7_0_axi_periph/m02_couplers/auto_ds/inst/gen_downsizer.gen_simple_downsizer.axi_downsizer_inst/USE_WRITE.write_addr_inst/USE_B_CHANNEL.cmd_b_queue/inst/fifo_gen_inst/inst_fifo_gen/gconvfifo.rf/grf.rf/rstblk/ngwrdrst.grst.g7serrst.gnsckt_wrst.rst_wr_reg2_inst'
Sourcing Tcl File [C:/Xilinx/Vivado/2018.2/data/ip/xpm/xpm_cdc/tcl/xpm_cdc_async_rst.tcl] for cell 'system_i/ps7_0_axi_periph/m02_couplers/auto_ds/inst/gen_downsizer.gen_simple_downsizer.axi_downsizer_inst/USE_WRITE.write_addr_inst/cmd_queue/inst/fifo_gen_inst/inst_fifo_gen/gconvfifo.rf/grf.rf/rstblk/ngwrdrst.grst.g7serrst.gnsckt_wrst.rst_wr_reg2_inst'
Finished Sourcing Tcl File [C:/Xilinx/Vivado/2018.2/data/ip/xpm/xpm_cdc/tcl/xpm_cdc_async_rst.tcl] for cell 'system_i/ps7_0_axi_periph/m02_couplers/auto_ds/inst/gen_downsizer.gen_simple_downsizer.axi_downsizer_inst/USE_WRITE.write_addr_inst/cmd_queue/inst/fifo_gen_inst/inst_fifo_gen/gconvfifo.rf/grf.rf/rstblk/ngwrdrst.grst.g7serrst.gnsckt_wrst.rst_wr_reg2_inst'
Sourcing Tcl File [C:/Xilinx/Vivado/2018.2/data/ip/xpm/xpm_cdc/tcl/xpm_cdc_async_rst.tcl] for cell 'system_i/ps7_0_axi_periph/m03_couplers/auto_ds/inst/gen_downsizer.gen_simple_downsizer.axi_downsizer_inst/USE_READ.read_addr_inst/cmd_queue/inst/fifo_gen_inst/inst_fifo_gen/gconvfifo.rf/grf.rf/rstblk/ngwrdrst.grst.g7serrst.gnsckt_wrst.rst_wr_reg2_inst'
Finished Sourcing Tcl File [C:/Xilinx/Vivado/2018.2/data/ip/xpm/xpm_cdc/tcl/xpm_cdc_async_rst.tcl] for cell 'system_i/ps7_0_axi_periph/m03_couplers/auto_ds/inst/gen_downsizer.gen_simple_downsizer.axi_downsizer_inst/USE_READ.read_addr_inst/cmd_queue/inst/fifo_gen_inst/inst_fifo_gen/gconvfifo.rf/grf.rf/rstblk/ngwrdrst.grst.g7serrst.gnsckt_wrst.rst_wr_reg2_inst'
Sourcing Tcl File [C:/Xilinx/Vivado/2018.2/data/ip/xpm/xpm_cdc/tcl/xpm_cdc_async_rst.tcl] for cell 'system_i/ps7_0_axi_periph/m03_couplers/auto_ds/inst/gen_downsizer.gen_simple_downsizer.axi_downsizer_inst/USE_WRITE.write_addr_inst/USE_B_CHANNEL.cmd_b_queue/inst/fifo_gen_inst/inst_fifo_gen/gconvfifo.rf/grf.rf/rstblk/ngwrdrst.grst.g7serrst.gnsckt_wrst.rst_wr_reg2_inst'
Finished Sourcing Tcl File [C:/Xilinx/Vivado/2018.2/data/ip/xpm/xpm_cdc/tcl/xpm_cdc_async_rst.tcl] for cell 'system_i/ps7_0_axi_periph/m03_couplers/auto_ds/inst/gen_downsizer.gen_simple_downsizer.axi_downsizer_inst/USE_WRITE.write_addr_inst/USE_B_CHANNEL.cmd_b_queue/inst/fifo_gen_inst/inst_fifo_gen/gconvfifo.rf/grf.rf/rstblk/ngwrdrst.grst.g7serrst.gnsckt_wrst.rst_wr_reg2_inst'
Sourcing Tcl File [C:/Xilinx/Vivado/2018.2/data/ip/xpm/xpm_cdc/tcl/xpm_cdc_async_rst.tcl] for cell 'system_i/ps7_0_axi_periph/m03_couplers/auto_ds/inst/gen_downsizer.gen_simple_downsizer.axi_downsizer_inst/USE_WRITE.write_addr_inst/cmd_queue/inst/fifo_gen_inst/inst_fifo_gen/gconvfifo.rf/grf.rf/rstblk/ngwrdrst.grst.g7serrst.gnsckt_wrst.rst_wr_reg2_inst'
Finished Sourcing Tcl File [C:/Xilinx/Vivado/2018.2/data/ip/xpm/xpm_cdc/tcl/xpm_cdc_async_rst.tcl] for cell 'system_i/ps7_0_axi_periph/m03_couplers/auto_ds/inst/gen_downsizer.gen_simple_downsizer.axi_downsizer_inst/USE_WRITE.write_addr_inst/cmd_queue/inst/fifo_gen_inst/inst_fifo_gen/gconvfifo.rf/grf.rf/rstblk/ngwrdrst.grst.g7serrst.gnsckt_wrst.rst_wr_reg2_inst'
Sourcing Tcl File [C:/Xilinx/Vivado/2018.2/data/ip/xpm/xpm_cdc/tcl/xpm_cdc_async_rst.tcl] for cell 'system_i/ps7_0_axi_periph/m04_couplers/auto_ds/inst/gen_downsizer.gen_simple_downsizer.axi_downsizer_inst/USE_READ.read_addr_inst/cmd_queue/inst/fifo_gen_inst/inst_fifo_gen/gconvfifo.rf/grf.rf/rstblk/ngwrdrst.grst.g7serrst.gnsckt_wrst.rst_wr_reg2_inst'
Finished Sourcing Tcl File [C:/Xilinx/Vivado/2018.2/data/ip/xpm/xpm_cdc/tcl/xpm_cdc_async_rst.tcl] for cell 'system_i/ps7_0_axi_periph/m04_couplers/auto_ds/inst/gen_downsizer.gen_simple_downsizer.axi_downsizer_inst/USE_READ.read_addr_inst/cmd_queue/inst/fifo_gen_inst/inst_fifo_gen/gconvfifo.rf/grf.rf/rstblk/ngwrdrst.grst.g7serrst.gnsckt_wrst.rst_wr_reg2_inst'
Sourcing Tcl File [C:/Xilinx/Vivado/2018.2/data/ip/xpm/xpm_cdc/tcl/xpm_cdc_async_rst.tcl] for cell 'system_i/ps7_0_axi_periph/m04_couplers/auto_ds/inst/gen_downsizer.gen_simple_downsizer.axi_downsizer_inst/USE_WRITE.write_addr_inst/USE_B_CHANNEL.cmd_b_queue/inst/fifo_gen_inst/inst_fifo_gen/gconvfifo.rf/grf.rf/rstblk/ngwrdrst.grst.g7serrst.gnsckt_wrst.rst_wr_reg2_inst'
Finished Sourcing Tcl File [C:/Xilinx/Vivado/2018.2/data/ip/xpm/xpm_cdc/tcl/xpm_cdc_async_rst.tcl] for cell 'system_i/ps7_0_axi_periph/m04_couplers/auto_ds/inst/gen_downsizer.gen_simple_downsizer.axi_downsizer_inst/USE_WRITE.write_addr_inst/USE_B_CHANNEL.cmd_b_queue/inst/fifo_gen_inst/inst_fifo_gen/gconvfifo.rf/grf.rf/rstblk/ngwrdrst.grst.g7serrst.gnsckt_wrst.rst_wr_reg2_inst'
Sourcing Tcl File [C:/Xilinx/Vivado/2018.2/data/ip/xpm/xpm_cdc/tcl/xpm_cdc_async_rst.tcl] for cell 'system_i/ps7_0_axi_periph/m04_couplers/auto_ds/inst/gen_downsizer.gen_simple_downsizer.axi_downsizer_inst/USE_WRITE.write_addr_inst/cmd_queue/inst/fifo_gen_inst/inst_fifo_gen/gconvfifo.rf/grf.rf/rstblk/ngwrdrst.grst.g7serrst.gnsckt_wrst.rst_wr_reg2_inst'
Finished Sourcing Tcl File [C:/Xilinx/Vivado/2018.2/data/ip/xpm/xpm_cdc/tcl/xpm_cdc_async_rst.tcl] for cell 'system_i/ps7_0_axi_periph/m04_couplers/auto_ds/inst/gen_downsizer.gen_simple_downsizer.axi_downsizer_inst/USE_WRITE.write_addr_inst/cmd_queue/inst/fifo_gen_inst/inst_fifo_gen/gconvfifo.rf/grf.rf/rstblk/ngwrdrst.grst.g7serrst.gnsckt_wrst.rst_wr_reg2_inst'
Sourcing Tcl File [C:/Xilinx/Vivado/2018.2/data/ip/xpm/xpm_cdc/tcl/xpm_cdc_async_rst.tcl] for cell 'system_i/ps7_0_axi_periph/m06_couplers/auto_ds/inst/gen_downsizer.gen_simple_downsizer.axi_downsizer_inst/USE_READ.read_addr_inst/cmd_queue/inst/fifo_gen_inst/inst_fifo_gen/gconvfifo.rf/grf.rf/rstblk/ngwrdrst.grst.g7serrst.gnsckt_wrst.rst_wr_reg2_inst'
Finished Sourcing Tcl File [C:/Xilinx/Vivado/2018.2/data/ip/xpm/xpm_cdc/tcl/xpm_cdc_async_rst.tcl] for cell 'system_i/ps7_0_axi_periph/m06_couplers/auto_ds/inst/gen_downsizer.gen_simple_downsizer.axi_downsizer_inst/USE_READ.read_addr_inst/cmd_queue/inst/fifo_gen_inst/inst_fifo_gen/gconvfifo.rf/grf.rf/rstblk/ngwrdrst.grst.g7serrst.gnsckt_wrst.rst_wr_reg2_inst'
Sourcing Tcl File [C:/Xilinx/Vivado/2018.2/data/ip/xpm/xpm_cdc/tcl/xpm_cdc_async_rst.tcl] for cell 'system_i/ps7_0_axi_periph/m06_couplers/auto_ds/inst/gen_downsizer.gen_simple_downsizer.axi_downsizer_inst/USE_WRITE.write_addr_inst/USE_B_CHANNEL.cmd_b_queue/inst/fifo_gen_inst/inst_fifo_gen/gconvfifo.rf/grf.rf/rstblk/ngwrdrst.grst.g7serrst.gnsckt_wrst.rst_wr_reg2_inst'
Finished Sourcing Tcl File [C:/Xilinx/Vivado/2018.2/data/ip/xpm/xpm_cdc/tcl/xpm_cdc_async_rst.tcl] for cell 'system_i/ps7_0_axi_periph/m06_couplers/auto_ds/inst/gen_downsizer.gen_simple_downsizer.axi_downsizer_inst/USE_WRITE.write_addr_inst/USE_B_CHANNEL.cmd_b_queue/inst/fifo_gen_inst/inst_fifo_gen/gconvfifo.rf/grf.rf/rstblk/ngwrdrst.grst.g7serrst.gnsckt_wrst.rst_wr_reg2_inst'
Sourcing Tcl File [C:/Xilinx/Vivado/2018.2/data/ip/xpm/xpm_cdc/tcl/xpm_cdc_async_rst.tcl] for cell 'system_i/ps7_0_axi_periph/m06_couplers/auto_ds/inst/gen_downsizer.gen_simple_downsizer.axi_downsizer_inst/USE_WRITE.write_addr_inst/cmd_queue/inst/fifo_gen_inst/inst_fifo_gen/gconvfifo.rf/grf.rf/rstblk/ngwrdrst.grst.g7serrst.gnsckt_wrst.rst_wr_reg2_inst'
Finished Sourcing Tcl File [C:/Xilinx/Vivado/2018.2/data/ip/xpm/xpm_cdc/tcl/xpm_cdc_async_rst.tcl] for cell 'system_i/ps7_0_axi_periph/m06_couplers/auto_ds/inst/gen_downsizer.gen_simple_downsizer.axi_downsizer_inst/USE_WRITE.write_addr_inst/cmd_queue/inst/fifo_gen_inst/inst_fifo_gen/gconvfifo.rf/grf.rf/rstblk/ngwrdrst.grst.g7serrst.gnsckt_wrst.rst_wr_reg2_inst'
Sourcing Tcl File [C:/Xilinx/Vivado/2018.2/data/ip/xpm/xpm_cdc/tcl/xpm_cdc_async_rst.tcl] for cell 'system_i/ps7_0_axi_periph/m09_couplers/auto_pc/inst/gen_axi4_axi3.axi3_conv_inst/USE_READ.USE_SPLIT_R.read_addr_inst/USE_R_CHANNEL.cmd_queue/inst/fifo_gen_inst/inst_fifo_gen/gconvfifo.rf/grf.rf/rstblk/ngwrdrst.grst.g7serrst.gnsckt_wrst.rst_wr_reg2_inst'
Finished Sourcing Tcl File [C:/Xilinx/Vivado/2018.2/data/ip/xpm/xpm_cdc/tcl/xpm_cdc_async_rst.tcl] for cell 'system_i/ps7_0_axi_periph/m09_couplers/auto_pc/inst/gen_axi4_axi3.axi3_conv_inst/USE_READ.USE_SPLIT_R.read_addr_inst/USE_R_CHANNEL.cmd_queue/inst/fifo_gen_inst/inst_fifo_gen/gconvfifo.rf/grf.rf/rstblk/ngwrdrst.grst.g7serrst.gnsckt_wrst.rst_wr_reg2_inst'
Sourcing Tcl File [C:/Xilinx/Vivado/2018.2/data/ip/xpm/xpm_cdc/tcl/xpm_cdc_async_rst.tcl] for cell 'system_i/ps7_0_axi_periph/m09_couplers/auto_pc/inst/gen_axi4_axi3.axi3_conv_inst/USE_WRITE.write_addr_inst/USE_BURSTS.cmd_queue/inst/fifo_gen_inst/inst_fifo_gen/gconvfifo.rf/grf.rf/rstblk/ngwrdrst.grst.g7serrst.gnsckt_wrst.rst_wr_reg2_inst'
Finished Sourcing Tcl File [C:/Xilinx/Vivado/2018.2/data/ip/xpm/xpm_cdc/tcl/xpm_cdc_async_rst.tcl] for cell 'system_i/ps7_0_axi_periph/m09_couplers/auto_pc/inst/gen_axi4_axi3.axi3_conv_inst/USE_WRITE.write_addr_inst/USE_BURSTS.cmd_queue/inst/fifo_gen_inst/inst_fifo_gen/gconvfifo.rf/grf.rf/rstblk/ngwrdrst.grst.g7serrst.gnsckt_wrst.rst_wr_reg2_inst'
Sourcing Tcl File [C:/Xilinx/Vivado/2018.2/data/ip/xpm/xpm_cdc/tcl/xpm_cdc_async_rst.tcl] for cell 'system_i/ps7_0_axi_periph/m09_couplers/auto_pc/inst/gen_axi4_axi3.axi3_conv_inst/USE_WRITE.write_addr_inst/USE_B_CHANNEL.cmd_b_queue/inst/fifo_gen_inst/inst_fifo_gen/gconvfifo.rf/grf.rf/rstblk/ngwrdrst.grst.g7serrst.gnsckt_wrst.rst_wr_reg2_inst'
Finished Sourcing Tcl File [C:/Xilinx/Vivado/2018.2/data/ip/xpm/xpm_cdc/tcl/xpm_cdc_async_rst.tcl] for cell 'system_i/ps7_0_axi_periph/m09_couplers/auto_pc/inst/gen_axi4_axi3.axi3_conv_inst/USE_WRITE.write_addr_inst/USE_B_CHANNEL.cmd_b_queue/inst/fifo_gen_inst/inst_fifo_gen/gconvfifo.rf/grf.rf/rstblk/ngwrdrst.grst.g7serrst.gnsckt_wrst.rst_wr_reg2_inst'
INFO: [Opt 31-138] Pushed 0 inverter(s) to 0 load pin(s).
INFO: [Project 1-111] Unisim Transformation Summary:
  A total of 131 instances were transformed.
  CFGLUT5 => CFGLUT5 (SRLC32E, SRL16E): 48 instances
  IOBUF => IOBUF (IBUF, OBUFT): 8 instances
  RAM32M => RAM32M (RAMD32, RAMD32, RAMD32, RAMD32, RAMD32, RAMD32, RAMS32, RAMS32): 74 instances
  RAM32X1D => RAM32X1D (RAMD32, RAMD32): 1 instances

37 Infos, 5 Warnings, 0 Critical Warnings and 0 Errors encountered.
link_design completed successfully
link_design: Time (s): cpu = 00:00:52 ; elapsed = 00:00:58 . Memory (MB): peak = 1505.293 ; gain = 1059.664
Command: opt_design
Attempting to get a license for feature 'Implementation' and/or device 'xc7z020'
INFO: [Common 17-349] Got license for feature 'Implementation' and/or device 'xc7z020'
Running DRC as a precondition to command opt_design

Starting DRC Task
INFO: [DRC 23-27] Running DRC with 2 threads
INFO: [Project 1-461] DRC finished with 0 Errors
INFO: [Project 1-462] Please refer to the DRC report (report_drc) for more information.

Time (s): cpu = 00:00:02 ; elapsed = 00:00:01 . Memory (MB): peak = 1505.293 ; gain = 0.000

Starting Cache Timing Information Task
INFO: [Timing 38-35] Done setting XDC timing constraints.
Ending Cache Timing Information Task | Checksum: 1d2f361de

Time (s): cpu = 00:00:02 ; elapsed = 00:00:02 . Memory (MB): peak = 1509.430 ; gain = 4.137

Starting Logic Optimization Task

Phase 1 Generate And Synthesize Debug Cores
INFO: [Chipscope 16-329] Generating Script for core instance : dbg_hub 
INFO: [IP_Flow 19-3806] Processing IP xilinx.com:ip:xsdbm:3.0 for cell dbg_hub_CV.
Netlist sorting complete. Time (s): cpu = 00:00:00 ; elapsed = 00:00:00.150 . Memory (MB): peak = 1536.090 ; gain = 0.000
Phase 1 Generate And Synthesize Debug Cores | Checksum: aa1a2679

Time (s): cpu = 00:00:07 ; elapsed = 00:02:37 . Memory (MB): peak = 1536.090 ; gain = 26.660

Phase 2 Retarget
INFO: [Opt 31-138] Pushed 0 inverter(s) to 0 load pin(s).
INFO: [Opt 31-49] Retargeted 0 cell(s).
Phase 2 Retarget | Checksum: 901eacc8

Time (s): cpu = 00:00:11 ; elapsed = 00:02:41 . Memory (MB): peak = 1536.090 ; gain = 26.660
INFO: [Opt 31-389] Phase Retarget created 0 cells and removed 0 cells

Phase 3 Constant propagation
INFO: [Opt 31-138] Pushed 0 inverter(s) to 0 load pin(s).
Phase 3 Constant propagation | Checksum: 154ac718b

Time (s): cpu = 00:00:14 ; elapsed = 00:02:43 . Memory (MB): peak = 1536.090 ; gain = 26.660
INFO: [Opt 31-389] Phase Constant propagation created 819 cells and removed 1989 cells

Phase 4 Sweep
Phase 4 Sweep | Checksum: 142c104ab

Time (s): cpu = 00:00:21 ; elapsed = 00:02:51 . Memory (MB): peak = 1536.090 ; gain = 26.660
INFO: [Opt 31-389] Phase Sweep created 8 cells and removed 3140 cells

Phase 5 BUFG optimization
Phase 5 BUFG optimization | Checksum: 142c104ab

Time (s): cpu = 00:00:22 ; elapsed = 00:02:52 . Memory (MB): peak = 1536.090 ; gain = 26.660
INFO: [Opt 31-662] Phase BUFG optimization created 0 cells of which 0 are BUFGs and removed 0 cells.

Phase 6 Shift Register Optimization
Phase 6 Shift Register Optimization | Checksum: 623e634b

Time (s): cpu = 00:00:25 ; elapsed = 00:02:54 . Memory (MB): peak = 1536.090 ; gain = 26.660
INFO: [Opt 31-389] Phase Shift Register Optimization created 0 cells and removed 0 cells

Phase 7 Post Processing Netlist
Phase 7 Post Processing Netlist | Checksum: be3fd028

Time (s): cpu = 00:00:26 ; elapsed = 00:02:55 . Memory (MB): peak = 1536.090 ; gain = 26.660
INFO: [Opt 31-389] Phase Post Processing Netlist created 0 cells and removed 0 cells

Starting Connectivity Check Task

Time (s): cpu = 00:00:00 ; elapsed = 00:00:00.087 . Memory (MB): peak = 1536.090 ; gain = 0.000
Ending Logic Optimization Task | Checksum: be3fd028

Time (s): cpu = 00:00:26 ; elapsed = 00:02:55 . Memory (MB): peak = 1536.090 ; gain = 26.660

Starting Power Optimization Task
INFO: [Pwropt 34-132] Skipping clock gating for clocks with a period < 2.00 ns.
INFO: [Pwropt 34-9] Applying IDT optimizations ...
INFO: [Timing 38-35] Done setting XDC timing constraints.
INFO: [Pwropt 34-10] Applying ODC optimizations ...
INFO: [Physopt 32-619] Estimated Timing Summary | WNS=0.202 | TNS=0.000 |
Running Vector-less Activity Propagation...

Finished Running Vector-less Activity Propagation


Starting PowerOpt Patch Enables Task
INFO: [Pwropt 34-162] WRITE_MODE attribute of 0 BRAM(s) out of a total of 8 has been updated to save power. Run report_power_opt to get a complete listing of the BRAMs updated.
INFO: [Pwropt 34-201] Structural ODC has moved 0 WE to EN ports
Number of BRAM Ports augmented: 12 newly gated: 2 Total Ports: 16
Ending PowerOpt Patch Enables Task | Checksum: f5b9b298

Time (s): cpu = 00:00:01 ; elapsed = 00:00:00.309 . Memory (MB): peak = 1804.082 ; gain = 0.000
Ending Power Optimization Task | Checksum: f5b9b298

Time (s): cpu = 00:00:22 ; elapsed = 00:00:13 . Memory (MB): peak = 1804.082 ; gain = 267.992

Starting Final Cleanup Task

Starting Logic Optimization Task
INFO: [Timing 38-35] Done setting XDC timing constraints.
Ending Logic Optimization Task | Checksum: b7164b3e

Time (s): cpu = 00:00:06 ; elapsed = 00:00:04 . Memory (MB): peak = 1804.082 ; gain = 0.000
Ending Final Cleanup Task | Checksum: b7164b3e

Time (s): cpu = 00:00:06 ; elapsed = 00:00:05 . Memory (MB): peak = 1804.082 ; gain = 0.000
INFO: [Common 17-83] Releasing license: Implementation
65 Infos, 5 Warnings, 0 Critical Warnings and 0 Errors encountered.
opt_design completed successfully
opt_design: Time (s): cpu = 00:01:00 ; elapsed = 00:03:17 . Memory (MB): peak = 1804.082 ; gain = 298.789
INFO: [Timing 38-480] Writing timing data to binary archive.
Writing placer database...
Writing XDEF routing.
Writing XDEF routing logical nets.
Writing XDEF routing special nets.
Write XDEF Complete: Time (s): cpu = 00:00:01 ; elapsed = 00:00:00.172 . Memory (MB): peak = 1804.082 ; gain = 0.000
INFO: [Common 17-1381] The checkpoint 'C:/Users/Viktor/Desktop/study/verilog_shit/magSem3_FPGA/project/ZedBoard/ZedBoard.runs/impl_1/system_wrapper_opt.dcp' has been generated.
write_checkpoint: Time (s): cpu = 00:00:11 ; elapsed = 00:00:08 . Memory (MB): peak = 1804.082 ; gain = 0.000
INFO: [runtcl-4] Executing : report_drc -file system_wrapper_drc_opted.rpt -pb system_wrapper_drc_opted.pb -rpx system_wrapper_drc_opted.rpx
Command: report_drc -file system_wrapper_drc_opted.rpt -pb system_wrapper_drc_opted.pb -rpx system_wrapper_drc_opted.rpx
INFO: [IP_Flow 19-1839] IP Catalog is up to date.
INFO: [DRC 23-27] Running DRC with 2 threads
INFO: [Coretcl 2-168] The results of DRC are in file C:/Users/Viktor/Desktop/study/verilog_shit/magSem3_FPGA/project/ZedBoard/ZedBoard.runs/impl_1/system_wrapper_drc_opted.rpt.
report_drc completed successfully
INFO: [Chipscope 16-240] Debug cores have already been implemented
Command: place_design
Attempting to get a license for feature 'Implementation' and/or device 'xc7z020'
INFO: [Common 17-349] Got license for feature 'Implementation' and/or device 'xc7z020'
INFO: [DRC 23-27] Running DRC with 2 threads
INFO: [Vivado_Tcl 4-198] DRC finished with 0 Errors
INFO: [Vivado_Tcl 4-199] Please refer to the DRC report (report_drc) for more information.
Running DRC as a precondition to command place_design
INFO: [DRC 23-27] Running DRC with 2 threads
INFO: [Vivado_Tcl 4-198] DRC finished with 0 Errors
INFO: [Vivado_Tcl 4-199] Please refer to the DRC report (report_drc) for more information.

Starting Placer Task
INFO: [Place 30-611] Multithreading enabled for place_design using a maximum of 2 CPUs

Phase 1 Placer Initialization

Phase 1.1 Placer Initialization Netlist Sorting
Netlist sorting complete. Time (s): cpu = 00:00:00 ; elapsed = 00:00:00.079 . Memory (MB): peak = 1804.082 ; gain = 0.000
Phase 1.1 Placer Initialization Netlist Sorting | Checksum: 7dece0dd

Time (s): cpu = 00:00:00 ; elapsed = 00:00:00.090 . Memory (MB): peak = 1804.082 ; gain = 0.000
INFO: [Timing 38-35] Done setting XDC timing constraints.
INFO: [Opt 31-138] Pushed 0 inverter(s) to 0 load pin(s).
Netlist sorting complete. Time (s): cpu = 00:00:00 ; elapsed = 00:00:00.082 . Memory (MB): peak = 1804.082 ; gain = 0.000

Phase 1.2 IO Placement/ Clock Placement/ Build Placer Device
INFO: [Timing 38-35] Done setting XDC timing constraints.
Phase 1.2 IO Placement/ Clock Placement/ Build Placer Device | Checksum: 1109be94d

Time (s): cpu = 00:00:13 ; elapsed = 00:00:12 . Memory (MB): peak = 1804.082 ; gain = 0.000

Phase 1.3 Build Placer Netlist Model
Phase 1.3 Build Placer Netlist Model | Checksum: 1f0670d48

Time (s): cpu = 00:00:24 ; elapsed = 00:00:20 . Memory (MB): peak = 1804.082 ; gain = 0.000

Phase 1.4 Constrain Clocks/Macros
Phase 1.4 Constrain Clocks/Macros | Checksum: 1f0670d48

Time (s): cpu = 00:00:24 ; elapsed = 00:00:20 . Memory (MB): peak = 1804.082 ; gain = 0.000
Phase 1 Placer Initialization | Checksum: 1f0670d48

Time (s): cpu = 00:00:24 ; elapsed = 00:00:20 . Memory (MB): peak = 1804.082 ; gain = 0.000

Phase 2 Global Placement

Phase 2.1 Floorplanning
Phase 2.1 Floorplanning | Checksum: 1bc8ca511

Time (s): cpu = 00:00:28 ; elapsed = 00:00:22 . Memory (MB): peak = 1804.082 ; gain = 0.000

Phase 2.2 Physical Synthesis In Placer
INFO: [Physopt 32-65] No nets found for high-fanout optimization.
INFO: [Physopt 32-232] Optimized 0 net. Created 0 new instance.
INFO: [Physopt 32-775] End 1 Pass. Optimized 0 net or cell. Created 0 new cell, deleted 0 existing cell and moved 0 existing cell
Netlist sorting complete. Time (s): cpu = 00:00:00 ; elapsed = 00:00:00.084 . Memory (MB): peak = 1804.082 ; gain = 0.000

Summary of Physical Synthesis Optimizations
============================================


-----------------------------------------------------------------------------------------------------------------------------
|  Optimization       |  Added Cells  |  Removed Cells  |  Optimized Cells/Nets  |  Dont Touch  |  Iterations  |  Elapsed   |
-----------------------------------------------------------------------------------------------------------------------------
|  Very High Fanout   |            0  |              0  |                     0  |           0  |           1  |  00:00:00  |
|  Total              |            0  |              0  |                     0  |           0  |           1  |  00:00:00  |
-----------------------------------------------------------------------------------------------------------------------------


Phase 2.2 Physical Synthesis In Placer | Checksum: 17405d179

Time (s): cpu = 00:01:08 ; elapsed = 00:00:44 . Memory (MB): peak = 1804.082 ; gain = 0.000
Phase 2 Global Placement | Checksum: 131e408a6

Time (s): cpu = 00:01:10 ; elapsed = 00:00:45 . Memory (MB): peak = 1804.082 ; gain = 0.000

Phase 3 Detail Placement

Phase 3.1 Commit Multi Column Macros
Phase 3.1 Commit Multi Column Macros | Checksum: 131e408a6

Time (s): cpu = 00:01:10 ; elapsed = 00:00:45 . Memory (MB): peak = 1804.082 ; gain = 0.000

Phase 3.2 Commit Most Macros & LUTRAMs
Phase 3.2 Commit Most Macros & LUTRAMs | Checksum: 139f92f4d

Time (s): cpu = 00:01:17 ; elapsed = 00:00:50 . Memory (MB): peak = 1804.082 ; gain = 0.000

Phase 3.3 Area Swap Optimization
Phase 3.3 Area Swap Optimization | Checksum: 1430b7ad9

Time (s): cpu = 00:01:17 ; elapsed = 00:00:50 . Memory (MB): peak = 1804.082 ; gain = 0.000

Phase 3.4 Pipeline Register Optimization
Phase 3.4 Pipeline Register Optimization | Checksum: 19d1b020c

Time (s): cpu = 00:01:17 ; elapsed = 00:00:50 . Memory (MB): peak = 1804.082 ; gain = 0.000

Phase 3.5 Timing Path Optimizer
Phase 3.5 Timing Path Optimizer | Checksum: 19d1b020c

Time (s): cpu = 00:01:17 ; elapsed = 00:00:50 . Memory (MB): peak = 1804.082 ; gain = 0.000

Phase 3.6 Fast Optimization
Phase 3.6 Fast Optimization | Checksum: 12fc4196b

Time (s): cpu = 00:01:18 ; elapsed = 00:00:51 . Memory (MB): peak = 1804.082 ; gain = 0.000

Phase 3.7 Small Shape Detail Placement
Phase 3.7 Small Shape Detail Placement | Checksum: 18fc49605

Time (s): cpu = 00:01:28 ; elapsed = 00:01:01 . Memory (MB): peak = 1804.082 ; gain = 0.000

Phase 3.8 Re-assign LUT pins
Phase 3.8 Re-assign LUT pins | Checksum: 1edaa0d26

Time (s): cpu = 00:01:30 ; elapsed = 00:01:03 . Memory (MB): peak = 1804.082 ; gain = 0.000

Phase 3.9 Pipeline Register Optimization
Phase 3.9 Pipeline Register Optimization | Checksum: 1abb9d0a7

Time (s): cpu = 00:01:30 ; elapsed = 00:01:03 . Memory (MB): peak = 1804.082 ; gain = 0.000
Phase 3 Detail Placement | Checksum: 1abb9d0a7

Time (s): cpu = 00:01:30 ; elapsed = 00:01:03 . Memory (MB): peak = 1804.082 ; gain = 0.000

Phase 4 Post Placement Optimization and Clean-Up

Phase 4.1 Post Commit Optimization
INFO: [Timing 38-35] Done setting XDC timing constraints.

Phase 4.1.1 Post Placement Optimization
Post Placement Optimization Initialization | Checksum: a4aa4468

Phase 4.1.1.1 BUFG Insertion
INFO: [Place 46-31] BUFG insertion identified 0 candidate nets, 0 success, 0 skipped for placement/routing, 0 skipped for timing, 0 skipped for netlist change reason.
Phase 4.1.1.1 BUFG Insertion | Checksum: a4aa4468

Time (s): cpu = 00:01:40 ; elapsed = 00:01:09 . Memory (MB): peak = 1804.082 ; gain = 0.000
INFO: [Place 30-746] Post Placement Timing Summary WNS=0.546. For the most accurate timing information please run report_timing.
Phase 4.1.1 Post Placement Optimization | Checksum: 192fe42c1

Time (s): cpu = 00:01:43 ; elapsed = 00:01:13 . Memory (MB): peak = 1804.082 ; gain = 0.000
Phase 4.1 Post Commit Optimization | Checksum: 192fe42c1

Time (s): cpu = 00:01:43 ; elapsed = 00:01:13 . Memory (MB): peak = 1804.082 ; gain = 0.000

Phase 4.2 Post Placement Cleanup
Phase 4.2 Post Placement Cleanup | Checksum: 192fe42c1

Time (s): cpu = 00:01:43 ; elapsed = 00:01:13 . Memory (MB): peak = 1804.082 ; gain = 0.000

Phase 4.3 Placer Reporting
Phase 4.3 Placer Reporting | Checksum: 192fe42c1

Time (s): cpu = 00:01:44 ; elapsed = 00:01:13 . Memory (MB): peak = 1804.082 ; gain = 0.000

Phase 4.4 Final Placement Cleanup
Phase 4.4 Final Placement Cleanup | Checksum: 1f765f88f

Time (s): cpu = 00:01:44 ; elapsed = 00:01:14 . Memory (MB): peak = 1804.082 ; gain = 0.000
Phase 4 Post Placement Optimization and Clean-Up | Checksum: 1f765f88f

Time (s): cpu = 00:01:44 ; elapsed = 00:01:14 . Memory (MB): peak = 1804.082 ; gain = 0.000
Ending Placer Task | Checksum: 1857927d2

Time (s): cpu = 00:01:44 ; elapsed = 00:01:14 . Memory (MB): peak = 1804.082 ; gain = 0.000
INFO: [Common 17-83] Releasing license: Implementation
90 Infos, 5 Warnings, 0 Critical Warnings and 0 Errors encountered.
place_design completed successfully
place_design: Time (s): cpu = 00:01:50 ; elapsed = 00:01:19 . Memory (MB): peak = 1804.082 ; gain = 0.000
INFO: [Timing 38-480] Writing timing data to binary archive.
Writing placer database...
Writing XDEF routing.
Writing XDEF routing logical nets.
Writing XDEF routing special nets.
Write XDEF Complete: Time (s): cpu = 00:00:10 ; elapsed = 00:00:03 . Memory (MB): peak = 1804.082 ; gain = 0.000
INFO: [Common 17-1381] The checkpoint 'C:/Users/Viktor/Desktop/study/verilog_shit/magSem3_FPGA/project/ZedBoard/ZedBoard.runs/impl_1/system_wrapper_placed.dcp' has been generated.
write_checkpoint: Time (s): cpu = 00:00:16 ; elapsed = 00:00:09 . Memory (MB): peak = 1804.082 ; gain = 0.000
INFO: [runtcl-4] Executing : report_io -file system_wrapper_io_placed.rpt
report_io: Time (s): cpu = 00:00:00 ; elapsed = 00:00:00.163 . Memory (MB): peak = 1804.082 ; gain = 0.000
INFO: [runtcl-4] Executing : report_utilization -file system_wrapper_utilization_placed.rpt -pb system_wrapper_utilization_placed.pb
report_utilization: Time (s): cpu = 00:00:01 ; elapsed = 00:00:00.446 . Memory (MB): peak = 1804.082 ; gain = 0.000
INFO: [runtcl-4] Executing : report_control_sets -verbose -file system_wrapper_control_sets_placed.rpt
report_control_sets: Time (s): cpu = 00:00:00 ; elapsed = 00:00:00.218 . Memory (MB): peak = 1804.082 ; gain = 0.000
Command: route_design
Attempting to get a license for feature 'Implementation' and/or device 'xc7z020'
INFO: [Common 17-349] Got license for feature 'Implementation' and/or device 'xc7z020'
Running DRC as a precondition to command route_design
INFO: [DRC 23-27] Running DRC with 2 threads
INFO: [Vivado_Tcl 4-198] DRC finished with 0 Errors
INFO: [Vivado_Tcl 4-199] Please refer to the DRC report (report_drc) for more information.


Starting Routing Task
INFO: [Route 35-254] Multithreading enabled for route_design using a maximum of 2 CPUs
Checksum: PlaceDB: fab6b275 ConstDB: 0 ShapeSum: 8ac2755d RouteDB: 0

Phase 1 Build RT Design
Phase 1 Build RT Design | Checksum: 1aa6f6a1b

Time (s): cpu = 00:00:53 ; elapsed = 00:00:45 . Memory (MB): peak = 1804.082 ; gain = 0.000
Post Restoration Checksum: NetGraph: fdc6bcfc NumContArr: aca8ad1f Constraints: 0 Timing: 0

Phase 2 Router Initialization

Phase 2.1 Create Timer
Phase 2.1 Create Timer | Checksum: 1aa6f6a1b

Time (s): cpu = 00:00:54 ; elapsed = 00:00:46 . Memory (MB): peak = 1804.082 ; gain = 0.000

Phase 2.2 Fix Topology Constraints
Phase 2.2 Fix Topology Constraints | Checksum: 1aa6f6a1b

Time (s): cpu = 00:00:55 ; elapsed = 00:00:47 . Memory (MB): peak = 1804.082 ; gain = 0.000

Phase 2.3 Pre Route Cleanup
Phase 2.3 Pre Route Cleanup | Checksum: 1aa6f6a1b

Time (s): cpu = 00:00:55 ; elapsed = 00:00:47 . Memory (MB): peak = 1804.082 ; gain = 0.000
 Number of Nodes with overlaps = 0

Phase 2.4 Update Timing
Phase 2.4 Update Timing | Checksum: 1be5057af

Time (s): cpu = 00:01:07 ; elapsed = 00:00:54 . Memory (MB): peak = 1804.082 ; gain = 0.000
INFO: [Route 35-416] Intermediate Timing Summary | WNS=0.705  | TNS=0.000  | WHS=-0.211 | THS=-475.023|


Phase 2.5 Update Timing for Bus Skew

Phase 2.5.1 Update Timing
Phase 2.5.1 Update Timing | Checksum: 11ead113b

Time (s): cpu = 00:01:14 ; elapsed = 00:00:58 . Memory (MB): peak = 1804.082 ; gain = 0.000
INFO: [Route 35-416] Intermediate Timing Summary | WNS=0.705  | TNS=0.000  | WHS=N/A    | THS=N/A    |

Phase 2.5 Update Timing for Bus Skew | Checksum: 1b092e214

Time (s): cpu = 00:01:14 ; elapsed = 00:00:58 . Memory (MB): peak = 1804.082 ; gain = 0.000
Phase 2 Router Initialization | Checksum: 1201b40ae

Time (s): cpu = 00:01:14 ; elapsed = 00:00:58 . Memory (MB): peak = 1804.082 ; gain = 0.000

Phase 3 Initial Routing
Phase 3 Initial Routing | Checksum: 2ba894dae

Time (s): cpu = 00:01:20 ; elapsed = 00:01:01 . Memory (MB): peak = 1804.082 ; gain = 0.000

Phase 4 Rip-up And Reroute

Phase 4.1 Global Iteration 0
 Number of Nodes with overlaps = 2103
 Number of Nodes with overlaps = 297
 Number of Nodes with overlaps = 98
 Number of Nodes with overlaps = 45
 Number of Nodes with overlaps = 23
 Number of Nodes with overlaps = 3
 Number of Nodes with overlaps = 1
 Number of Nodes with overlaps = 0
INFO: [Route 35-416] Intermediate Timing Summary | WNS=0.150  | TNS=0.000  | WHS=N/A    | THS=N/A    |

Phase 4.1 Global Iteration 0 | Checksum: 100e419e9

Time (s): cpu = 00:01:46 ; elapsed = 00:01:16 . Memory (MB): peak = 1804.082 ; gain = 0.000

Phase 4.2 Global Iteration 1
 Number of Nodes with overlaps = 7
 Number of Nodes with overlaps = 1
 Number of Nodes with overlaps = 0
INFO: [Route 35-416] Intermediate Timing Summary | WNS=0.212  | TNS=0.000  | WHS=N/A    | THS=N/A    |

Phase 4.2 Global Iteration 1 | Checksum: 1f696ff4b

Time (s): cpu = 00:01:48 ; elapsed = 00:01:17 . Memory (MB): peak = 1804.082 ; gain = 0.000
Phase 4 Rip-up And Reroute | Checksum: 1f696ff4b

Time (s): cpu = 00:01:48 ; elapsed = 00:01:17 . Memory (MB): peak = 1804.082 ; gain = 0.000

Phase 5 Delay and Skew Optimization

Phase 5.1 Delay CleanUp
Phase 5.1 Delay CleanUp | Checksum: 1f696ff4b

Time (s): cpu = 00:01:48 ; elapsed = 00:01:18 . Memory (MB): peak = 1804.082 ; gain = 0.000

Phase 5.2 Clock Skew Optimization
Phase 5.2 Clock Skew Optimization | Checksum: 1f696ff4b

Time (s): cpu = 00:01:48 ; elapsed = 00:01:18 . Memory (MB): peak = 1804.082 ; gain = 0.000
Phase 5 Delay and Skew Optimization | Checksum: 1f696ff4b

Time (s): cpu = 00:01:48 ; elapsed = 00:01:18 . Memory (MB): peak = 1804.082 ; gain = 0.000

Phase 6 Post Hold Fix

Phase 6.1 Hold Fix Iter

Phase 6.1.1 Update Timing
Phase 6.1.1 Update Timing | Checksum: 1da7f6b88

Time (s): cpu = 00:01:50 ; elapsed = 00:01:19 . Memory (MB): peak = 1804.082 ; gain = 0.000
INFO: [Route 35-416] Intermediate Timing Summary | WNS=0.327  | TNS=0.000  | WHS=0.012  | THS=0.000  |

Phase 6.1 Hold Fix Iter | Checksum: 289093353

Time (s): cpu = 00:01:50 ; elapsed = 00:01:19 . Memory (MB): peak = 1804.082 ; gain = 0.000
Phase 6 Post Hold Fix | Checksum: 289093353

Time (s): cpu = 00:01:50 ; elapsed = 00:01:19 . Memory (MB): peak = 1804.082 ; gain = 0.000

Phase 7 Route finalize

Router Utilization Summary
  Global Vertical Routing Utilization    = 3.31423 %
  Global Horizontal Routing Utilization  = 3.85784 %
  Routable Net Status*
  *Does not include unroutable nets such as driverless and loadless.
  Run report_route_status for detailed report.
  Number of Failed Nets               = 0
  Number of Unrouted Nets             = 0
  Number of Partially Routed Nets     = 0
  Number of Node Overlaps             = 0

Phase 7 Route finalize | Checksum: 289093353

Time (s): cpu = 00:01:51 ; elapsed = 00:01:19 . Memory (MB): peak = 1804.082 ; gain = 0.000

Phase 8 Verifying routed nets

 Verification completed successfully
Phase 8 Verifying routed nets | Checksum: 289093353

Time (s): cpu = 00:01:51 ; elapsed = 00:01:19 . Memory (MB): peak = 1804.082 ; gain = 0.000

Phase 9 Depositing Routes
Phase 9 Depositing Routes | Checksum: 1b4181bf3

Time (s): cpu = 00:01:54 ; elapsed = 00:01:22 . Memory (MB): peak = 1804.082 ; gain = 0.000

Phase 10 Post Router Timing
INFO: [Route 35-57] Estimated Timing Summary | WNS=0.327  | TNS=0.000  | WHS=0.012  | THS=0.000  |

INFO: [Route 35-327] The final timing numbers are based on the router estimated timing analysis. For a complete and accurate timing signoff, please run report_timing_summary.
Phase 10 Post Router Timing | Checksum: 1b4181bf3

Time (s): cpu = 00:01:54 ; elapsed = 00:01:22 . Memory (MB): peak = 1804.082 ; gain = 0.000
INFO: [Route 35-16] Router Completed Successfully

Time (s): cpu = 00:01:54 ; elapsed = 00:01:22 . Memory (MB): peak = 1804.082 ; gain = 0.000

Routing Is Done.
INFO: [Common 17-83] Releasing license: Implementation
109 Infos, 5 Warnings, 0 Critical Warnings and 0 Errors encountered.
route_design completed successfully
route_design: Time (s): cpu = 00:02:02 ; elapsed = 00:01:27 . Memory (MB): peak = 1804.082 ; gain = 0.000
INFO: [Timing 38-480] Writing timing data to binary archive.
Writing placer database...
Writing XDEF routing.
Writing XDEF routing logical nets.
Writing XDEF routing special nets.
Write XDEF Complete: Time (s): cpu = 00:00:12 ; elapsed = 00:00:04 . Memory (MB): peak = 1804.082 ; gain = 0.000
INFO: [Common 17-1381] The checkpoint 'C:/Users/Viktor/Desktop/study/verilog_shit/magSem3_FPGA/project/ZedBoard/ZedBoard.runs/impl_1/system_wrapper_routed.dcp' has been generated.
write_checkpoint: Time (s): cpu = 00:00:16 ; elapsed = 00:00:09 . Memory (MB): peak = 1804.082 ; gain = 0.000
INFO: [runtcl-4] Executing : report_drc -file system_wrapper_drc_routed.rpt -pb system_wrapper_drc_routed.pb -rpx system_wrapper_drc_routed.rpx
Command: report_drc -file system_wrapper_drc_routed.rpt -pb system_wrapper_drc_routed.pb -rpx system_wrapper_drc_routed.rpx
INFO: [IP_Flow 19-1839] IP Catalog is up to date.
INFO: [DRC 23-27] Running DRC with 2 threads
INFO: [Coretcl 2-168] The results of DRC are in file C:/Users/Viktor/Desktop/study/verilog_shit/magSem3_FPGA/project/ZedBoard/ZedBoard.runs/impl_1/system_wrapper_drc_routed.rpt.
report_drc completed successfully
report_drc: Time (s): cpu = 00:00:13 ; elapsed = 00:00:07 . Memory (MB): peak = 1804.082 ; gain = 0.000
INFO: [runtcl-4] Executing : report_methodology -file system_wrapper_methodology_drc_routed.rpt -pb system_wrapper_methodology_drc_routed.pb -rpx system_wrapper_methodology_drc_routed.rpx
Command: report_methodology -file system_wrapper_methodology_drc_routed.rpt -pb system_wrapper_methodology_drc_routed.pb -rpx system_wrapper_methodology_drc_routed.rpx
INFO: [Timing 38-35] Done setting XDC timing constraints.
INFO: [Timing 38-35] Done setting XDC timing constraints.
INFO: [DRC 23-133] Running Methodology with 2 threads
INFO: [Coretcl 2-1520] The results of Report Methodology are in file C:/Users/Viktor/Desktop/study/verilog_shit/magSem3_FPGA/project/ZedBoard/ZedBoard.runs/impl_1/system_wrapper_methodology_drc_routed.rpt.
report_methodology completed successfully
report_methodology: Time (s): cpu = 00:00:22 ; elapsed = 00:00:12 . Memory (MB): peak = 1854.004 ; gain = 49.922
INFO: [runtcl-4] Executing : report_power -file system_wrapper_power_routed.rpt -pb system_wrapper_power_summary_routed.pb -rpx system_wrapper_power_routed.rpx
Command: report_power -file system_wrapper_power_routed.rpt -pb system_wrapper_power_summary_routed.pb -rpx system_wrapper_power_routed.rpx
INFO: [Timing 38-35] Done setting XDC timing constraints.
Running Vector-less Activity Propagation...

Finished Running Vector-less Activity Propagation
WARNING: [Power 33-332] Found switching activity that implies high-fanout reset nets being asserted for excessive periods of time which may result in inaccurate power analysis.
Resolution: To review and fix problems, please run Power Constraints Advisor in the GUI from Tools > Power Constraints Advisor or run report_power with the -advisory option to generate a text report.
122 Infos, 6 Warnings, 0 Critical Warnings and 0 Errors encountered.
report_power completed successfully
report_power: Time (s): cpu = 00:00:15 ; elapsed = 00:00:09 . Memory (MB): peak = 1925.590 ; gain = 71.586
INFO: [runtcl-4] Executing : report_route_status -file system_wrapper_route_status.rpt -pb system_wrapper_route_status.pb
INFO: [runtcl-4] Executing : report_timing_summary -max_paths 10 -file system_wrapper_timing_summary_routed.rpt -pb system_wrapper_timing_summary_routed.pb -rpx system_wrapper_timing_summary_routed.rpx -warn_on_violation 
INFO: [Timing 38-91] UpdateTimingParams: Speed grade: -1, Delay Type: min_max, Timing Stage: Requireds.
INFO: [Timing 38-191] Multithreading enabled for timing update using a maximum of 2 CPUs
WARNING: [Timing 38-436] There are set_bus_skew constraint(s) in this design. Please run report_bus_skew to ensure that bus skew requirements are met.
INFO: [runtcl-4] Executing : report_incremental_reuse -file system_wrapper_incremental_reuse_routed.rpt
INFO: [Vivado_Tcl 4-545] No incremental reuse to report, no incremental placement and routing data was found.
INFO: [runtcl-4] Executing : report_clock_utilization -file system_wrapper_clock_utilization_routed.rpt
INFO: [runtcl-4] Executing : report_bus_skew -warn_on_violation -file system_wrapper_bus_skew_routed.rpt -pb system_wrapper_bus_skew_routed.pb -rpx system_wrapper_bus_skew_routed.rpx
INFO: [Timing 38-91] UpdateTimingParams: Speed grade: -1, Delay Type: min_max, Timing Stage: Requireds.
INFO: [Timing 38-191] Multithreading enabled for timing update using a maximum of 2 CPUs
Command: write_bitstream -force system_wrapper.bit
Attempting to get a license for feature 'Implementation' and/or device 'xc7z020'
INFO: [Common 17-349] Got license for feature 'Implementation' and/or device 'xc7z020'
Running DRC as a precondition to command write_bitstream
INFO: [IP_Flow 19-1839] IP Catalog is up to date.
INFO: [DRC 23-27] Running DRC with 2 threads
WARNING: [DRC BUFC-1] Input Buffer Connections: Input buffer ja_pin4_iobuf/IBUF has no loads. It is recommended to have an input buffer drive an internal load.
WARNING: [DRC RTSTAT-10] No routable loads: 130 net(s) have no routable loads. The problem bus(es) and/or net(s) are system_i/ps7_0_axi_periph/m04_couplers/auto_ds/inst/gen_downsizer.gen_simple_downsizer.axi_downsizer_inst/USE_READ.read_addr_inst/cmd_queue/inst/fifo_gen_inst/inst_fifo_gen/gconvfifo.rf/grf.rf/gntv_or_sync_fifo.gl0.rd/gr1.gr1_int.rfwft/aempty_fwft_i, system_i/ps7_0_axi_periph/m06_couplers/auto_ds/inst/gen_downsizer.gen_simple_downsizer.axi_downsizer_inst/USE_WRITE.write_addr_inst/USE_B_CHANNEL.cmd_b_queue/inst/fifo_gen_inst/inst_fifo_gen/gconvfifo.rf/grf.rf/gntv_or_sync_fifo.gl0.rd/gr1.gr1_int.rfwft/aempty_fwft_i, dbg_hub/inst/BSCANID.u_xsdbm_id/CORE_XSDB.UUT_MASTER/U_ICON_INTERFACE/U_CMD6_RD/U_RD_FIFO/SUBCORE_FIFO.xsdbm_v3_0_0_rdfifo_inst/inst_fifo_gen/gconvfifo.rf/grf.rf/gntv_or_sync_fifo.gl0.rd/gr1.gr1_int.rfwft/aempty_fwft_i, system_i/ps7_0_axi_periph/m02_couplers/auto_ds/inst/gen_downsizer.gen_simple_downsizer.axi_downsizer_inst/USE_WRITE.write_addr_inst/cmd_queue/inst/fifo_gen_inst/inst_fifo_gen/gconvfifo.rf/grf.rf/gntv_or_sync_fifo.gl0.rd/gr1.gr1_int.rfwft/aempty_fwft_i, system_i/ps7_0_axi_periph/m06_couplers/auto_ds/inst/gen_downsizer.gen_simple_downsizer.axi_downsizer_inst/USE_WRITE.write_addr_inst/cmd_queue/inst/fifo_gen_inst/inst_fifo_gen/gconvfifo.rf/grf.rf/gntv_or_sync_fifo.gl0.rd/gr1.gr1_int.rfwft/aempty_fwft_i, system_i/ps7_0_axi_periph/m01_couplers/auto_ds/inst/gen_downsizer.gen_simple_downsizer.axi_downsizer_inst/USE_WRITE.write_addr_inst/cmd_queue/inst/fifo_gen_inst/inst_fifo_gen/gconvfifo.rf/grf.rf/gntv_or_sync_fifo.gl0.rd/gr1.gr1_int.rfwft/aempty_fwft_i, system_i/ps7_0_axi_periph/m03_couplers/auto_ds/inst/gen_downsizer.gen_simple_downsizer.axi_downsizer_inst/USE_READ.read_addr_inst/cmd_queue/inst/fifo_gen_inst/inst_fifo_gen/gconvfifo.rf/grf.rf/gntv_or_sync_fifo.gl0.rd/gr1.gr1_int.rfwft/aempty_fwft_i, system_i/ps7_0_axi_periph/m04_couplers/auto_ds/inst/gen_downsizer.gen_simple_downsizer.axi_downsizer_inst/USE_WRITE.write_addr_inst/cmd_queue/inst/fifo_gen_inst/inst_fifo_gen/gconvfifo.rf/grf.rf/gntv_or_sync_fifo.gl0.rd/gr1.gr1_int.rfwft/aempty_fwft_i, system_i/ps7_0_axi_periph/m01_couplers/auto_ds/inst/gen_downsizer.gen_simple_downsizer.axi_downsizer_inst/USE_WRITE.write_addr_inst/USE_B_CHANNEL.cmd_b_queue/inst/fifo_gen_inst/inst_fifo_gen/gconvfifo.rf/grf.rf/gntv_or_sync_fifo.gl0.rd/gr1.gr1_int.rfwft/aempty_fwft_i, system_i/ps7_0_axi_periph/m09_couplers/auto_pc/inst/gen_axi4_axi3.axi3_conv_inst/USE_WRITE.write_addr_inst/USE_B_CHANNEL.cmd_b_queue/inst/fifo_gen_inst/inst_fifo_gen/gconvfifo.rf/grf.rf/gntv_or_sync_fifo.gl0.rd/gr1.gr1_int.rfwft/aempty_fwft_i, system_i/ps7_0_axi_periph/m03_couplers/auto_ds/inst/gen_downsizer.gen_simple_downsizer.axi_downsizer_inst/USE_WRITE.write_addr_inst/cmd_queue/inst/fifo_gen_inst/inst_fifo_gen/gconvfifo.rf/grf.rf/gntv_or_sync_fifo.gl0.rd/gr1.gr1_int.rfwft/aempty_fwft_i, system_i/ps7_0_axi_periph/m09_couplers/auto_pc/inst/gen_axi4_axi3.axi3_conv_inst/USE_READ.USE_SPLIT_R.read_addr_inst/USE_R_CHANNEL.cmd_queue/inst/fifo_gen_inst/inst_fifo_gen/gconvfifo.rf/grf.rf/gntv_or_sync_fifo.gl0.rd/gr1.gr1_int.rfwft/aempty_fwft_i, system_i/ps7_0_axi_periph/m00_couplers/auto_ds/inst/gen_downsizer.gen_simple_downsizer.axi_downsizer_inst/USE_WRITE.write_addr_inst/cmd_queue/inst/fifo_gen_inst/inst_fifo_gen/gconvfifo.rf/grf.rf/gntv_or_sync_fifo.gl0.rd/gr1.gr1_int.rfwft/aempty_fwft_i, system_i/ps7_0_axi_periph/m00_couplers/auto_ds/inst/gen_downsizer.gen_simple_downsizer.axi_downsizer_inst/USE_READ.read_addr_inst/cmd_queue/inst/fifo_gen_inst/inst_fifo_gen/gconvfifo.rf/grf.rf/gntv_or_sync_fifo.gl0.rd/gr1.gr1_int.rfwft/aempty_fwft_i, system_i/ps7_0_axi_periph/m02_couplers/auto_ds/inst/gen_downsizer.gen_simple_downsizer.axi_downsizer_inst/USE_WRITE.write_addr_inst/USE_B_CHANNEL.cmd_b_queue/inst/fifo_gen_inst/inst_fifo_gen/gconvfifo.rf/grf.rf/gntv_or_sync_fifo.gl0.rd/gr1.gr1_int.rfwft/aempty_fwft_i... and (the first 15 of 128 listed).
INFO: [Vivado 12-3199] DRC finished with 0 Errors, 2 Warnings
INFO: [Vivado 12-3200] Please refer to the DRC report (report_drc) for more information.
INFO: [Designutils 20-2272] Running write_bitstream with 2 threads.
Loading data files...
Loading site data...
Loading route data...
Processing options...
Creating bitmap...
Creating bitstream...
Writing bitstream ./system_wrapper.bit...
INFO: [Vivado 12-1842] Bitgen Completed Successfully.
INFO: [Project 1-120] WebTalk data collection is mandatory when using a WebPACK part without a full Vivado license. To see the specific WebTalk data collected for your design, open the usage_statistics_webtalk.html or usage_statistics_webtalk.xml file in the implementation directory.
INFO: [Common 17-83] Releasing license: Implementation
141 Infos, 9 Warnings, 0 Critical Warnings and 0 Errors encountered.
write_bitstream completed successfully
write_bitstream: Time (s): cpu = 00:00:51 ; elapsed = 00:00:41 . Memory (MB): peak = 2372.426 ; gain = 444.820
INFO: [Common 17-206] Exiting Vivado at Sun Nov 21 08:42:24 2021...
