
*** Running vivado
    with args -log system_ov7670_controller_0_0.vds -m64 -product Vivado -mode batch -messageDb vivado.pb -notrace -source system_ov7670_controller_0_0.tcl


****** Vivado v2018.2 (64-bit)
  **** SW Build 2258646 on Thu Jun 14 20:03:12 MDT 2018
  **** IP Build 2256618 on Thu Jun 14 22:10:49 MDT 2018
    ** Copyright 1986-2018 Xilinx, Inc. All Rights Reserved.

source system_ov7670_controller_0_0.tcl -notrace
Command: synth_design -top system_ov7670_controller_0_0 -part xc7z020clg484-1 -mode out_of_context
Starting synth_design
Attempting to get a license for feature 'Synthesis' and/or device 'xc7z020'
INFO: [Common 17-349] Got license for feature 'Synthesis' and/or device 'xc7z020'
INFO: Launching helper process for spawning children vivado processes
INFO: Helper process launched with PID 20356 
---------------------------------------------------------------------------------
Starting RTL Elaboration : Time (s): cpu = 00:00:04 ; elapsed = 00:00:05 . Memory (MB): peak = 497.910 ; gain = 98.023
---------------------------------------------------------------------------------
INFO: [Synth 8-638] synthesizing module 'system_ov7670_controller_0_0' [c:/work/miet/mag_sem_3/magSem3_FPGA/project/ZedBoard/ZedBoard.srcs/sources_1/bd/system/ip/system_ov7670_controller_0_0/synth/system_ov7670_controller_0_0.vhd:67]
INFO: [Synth 8-3491] module 'ov7670_controller' declared at 'c:/work/miet/mag_sem_3/magSem3_FPGA/project/ZedBoard/ZedBoard.srcs/sources_1/bd/system/ipshared/2bd0/ov7670_controller.vhd:11' bound to instance 'U0' of component 'ov7670_controller' [c:/work/miet/mag_sem_3/magSem3_FPGA/project/ZedBoard/ZedBoard.srcs/sources_1/bd/system/ip/system_ov7670_controller_0_0/synth/system_ov7670_controller_0_0.vhd:91]
INFO: [Synth 8-638] synthesizing module 'ov7670_controller' [c:/work/miet/mag_sem_3/magSem3_FPGA/project/ZedBoard/ZedBoard.srcs/sources_1/bd/system/ipshared/2bd0/ov7670_controller.vhd:23]
	Parameter clk_divide bound to: 8'b01111101 
INFO: [Synth 8-3491] module 'i3c2' declared at 'c:/work/miet/mag_sem_3/magSem3_FPGA/project/ZedBoard/ZedBoard.srcs/sources_1/bd/system/ipshared/2bd0/i3c2.vhd:18' bound to instance 'Inst_i3c2' of component 'i3c2' [c:/work/miet/mag_sem_3/magSem3_FPGA/project/ZedBoard/ZedBoard.srcs/sources_1/bd/system/ipshared/2bd0/ov7670_controller.vhd:51]
INFO: [Synth 8-638] synthesizing module 'i3c2' [c:/work/miet/mag_sem_3/magSem3_FPGA/project/ZedBoard/ZedBoard.srcs/sources_1/bd/system/ipshared/2bd0/i3c2.vhd:34]
	Parameter clk_divide bound to: 8'b01111101 
INFO: [Synth 8-256] done synthesizing module 'i3c2' (1#1) [c:/work/miet/mag_sem_3/magSem3_FPGA/project/ZedBoard/ZedBoard.srcs/sources_1/bd/system/ipshared/2bd0/i3c2.vhd:34]
INFO: [Synth 8-256] done synthesizing module 'ov7670_controller' (2#1) [c:/work/miet/mag_sem_3/magSem3_FPGA/project/ZedBoard/ZedBoard.srcs/sources_1/bd/system/ipshared/2bd0/ov7670_controller.vhd:23]
INFO: [Synth 8-256] done synthesizing module 'system_ov7670_controller_0_0' (3#1) [c:/work/miet/mag_sem_3/magSem3_FPGA/project/ZedBoard/ZedBoard.srcs/sources_1/bd/system/ip/system_ov7670_controller_0_0/synth/system_ov7670_controller_0_0.vhd:67]
---------------------------------------------------------------------------------
Finished RTL Elaboration : Time (s): cpu = 00:00:06 ; elapsed = 00:00:07 . Memory (MB): peak = 553.113 ; gain = 153.227
---------------------------------------------------------------------------------

Report Check Netlist: 
+------+------------------+-------+---------+-------+------------------+
|      |Item              |Errors |Warnings |Status |Description       |
+------+------------------+-------+---------+-------+------------------+
|1     |multi_driven_nets |      0|        0|Passed |Multi driven nets |
+------+------------------+-------+---------+-------+------------------+
WARNING: [Synth 8-3295] tying undriven pin Inst_i3c2:inputs[15] to constant 0 [c:/work/miet/mag_sem_3/magSem3_FPGA/project/ZedBoard/ZedBoard.srcs/sources_1/bd/system/ipshared/2bd0/ov7670_controller.vhd:51]
WARNING: [Synth 8-3295] tying undriven pin Inst_i3c2:inputs[14] to constant 0 [c:/work/miet/mag_sem_3/magSem3_FPGA/project/ZedBoard/ZedBoard.srcs/sources_1/bd/system/ipshared/2bd0/ov7670_controller.vhd:51]
WARNING: [Synth 8-3295] tying undriven pin Inst_i3c2:inputs[13] to constant 0 [c:/work/miet/mag_sem_3/magSem3_FPGA/project/ZedBoard/ZedBoard.srcs/sources_1/bd/system/ipshared/2bd0/ov7670_controller.vhd:51]
WARNING: [Synth 8-3295] tying undriven pin Inst_i3c2:inputs[12] to constant 0 [c:/work/miet/mag_sem_3/magSem3_FPGA/project/ZedBoard/ZedBoard.srcs/sources_1/bd/system/ipshared/2bd0/ov7670_controller.vhd:51]
WARNING: [Synth 8-3295] tying undriven pin Inst_i3c2:inputs[11] to constant 0 [c:/work/miet/mag_sem_3/magSem3_FPGA/project/ZedBoard/ZedBoard.srcs/sources_1/bd/system/ipshared/2bd0/ov7670_controller.vhd:51]
WARNING: [Synth 8-3295] tying undriven pin Inst_i3c2:inputs[10] to constant 0 [c:/work/miet/mag_sem_3/magSem3_FPGA/project/ZedBoard/ZedBoard.srcs/sources_1/bd/system/ipshared/2bd0/ov7670_controller.vhd:51]
WARNING: [Synth 8-3295] tying undriven pin Inst_i3c2:inputs[9] to constant 0 [c:/work/miet/mag_sem_3/magSem3_FPGA/project/ZedBoard/ZedBoard.srcs/sources_1/bd/system/ipshared/2bd0/ov7670_controller.vhd:51]
WARNING: [Synth 8-3295] tying undriven pin Inst_i3c2:inputs[8] to constant 0 [c:/work/miet/mag_sem_3/magSem3_FPGA/project/ZedBoard/ZedBoard.srcs/sources_1/bd/system/ipshared/2bd0/ov7670_controller.vhd:51]
WARNING: [Synth 8-3295] tying undriven pin Inst_i3c2:inputs[7] to constant 0 [c:/work/miet/mag_sem_3/magSem3_FPGA/project/ZedBoard/ZedBoard.srcs/sources_1/bd/system/ipshared/2bd0/ov7670_controller.vhd:51]
WARNING: [Synth 8-3295] tying undriven pin Inst_i3c2:inputs[6] to constant 0 [c:/work/miet/mag_sem_3/magSem3_FPGA/project/ZedBoard/ZedBoard.srcs/sources_1/bd/system/ipshared/2bd0/ov7670_controller.vhd:51]
WARNING: [Synth 8-3295] tying undriven pin Inst_i3c2:inputs[5] to constant 0 [c:/work/miet/mag_sem_3/magSem3_FPGA/project/ZedBoard/ZedBoard.srcs/sources_1/bd/system/ipshared/2bd0/ov7670_controller.vhd:51]
WARNING: [Synth 8-3295] tying undriven pin Inst_i3c2:inputs[4] to constant 0 [c:/work/miet/mag_sem_3/magSem3_FPGA/project/ZedBoard/ZedBoard.srcs/sources_1/bd/system/ipshared/2bd0/ov7670_controller.vhd:51]
WARNING: [Synth 8-3295] tying undriven pin Inst_i3c2:inputs[3] to constant 0 [c:/work/miet/mag_sem_3/magSem3_FPGA/project/ZedBoard/ZedBoard.srcs/sources_1/bd/system/ipshared/2bd0/ov7670_controller.vhd:51]
WARNING: [Synth 8-3295] tying undriven pin Inst_i3c2:inputs[2] to constant 0 [c:/work/miet/mag_sem_3/magSem3_FPGA/project/ZedBoard/ZedBoard.srcs/sources_1/bd/system/ipshared/2bd0/ov7670_controller.vhd:51]
WARNING: [Synth 8-3295] tying undriven pin Inst_i3c2:inputs[1] to constant 0 [c:/work/miet/mag_sem_3/magSem3_FPGA/project/ZedBoard/ZedBoard.srcs/sources_1/bd/system/ipshared/2bd0/ov7670_controller.vhd:51]
---------------------------------------------------------------------------------
Start Handling Custom Attributes
---------------------------------------------------------------------------------
---------------------------------------------------------------------------------
Finished Handling Custom Attributes : Time (s): cpu = 00:00:06 ; elapsed = 00:00:07 . Memory (MB): peak = 553.113 ; gain = 153.227
---------------------------------------------------------------------------------
---------------------------------------------------------------------------------
Finished RTL Optimization Phase 1 : Time (s): cpu = 00:00:06 ; elapsed = 00:00:07 . Memory (MB): peak = 553.113 ; gain = 153.227
---------------------------------------------------------------------------------
INFO: [Device 21-403] Loading part xc7z020clg484-1
INFO: [Project 1-570] Preparing netlist for logic optimization

Processing XDC Constraints
Initializing timing engine
Completed Processing XDC Constraints

INFO: [Project 1-111] Unisim Transformation Summary:
No Unisim elements were transformed.

WARNING: [Constraints 18-5210] No constraint will be written out.
Constraint Validation Runtime : Time (s): cpu = 00:00:01 ; elapsed = 00:00:00.149 . Memory (MB): peak = 902.484 ; gain = 1.719
---------------------------------------------------------------------------------
Finished Constraint Validation : Time (s): cpu = 00:00:24 ; elapsed = 00:00:31 . Memory (MB): peak = 902.484 ; gain = 502.598
---------------------------------------------------------------------------------
---------------------------------------------------------------------------------
Start Loading Part and Timing Information
---------------------------------------------------------------------------------
Loading part: xc7z020clg484-1
---------------------------------------------------------------------------------
Finished Loading Part and Timing Information : Time (s): cpu = 00:00:24 ; elapsed = 00:00:32 . Memory (MB): peak = 902.484 ; gain = 502.598
---------------------------------------------------------------------------------
---------------------------------------------------------------------------------
Start Applying 'set_property' XDC Constraints
---------------------------------------------------------------------------------
---------------------------------------------------------------------------------
Finished applying 'set_property' XDC Constraints : Time (s): cpu = 00:00:24 ; elapsed = 00:00:32 . Memory (MB): peak = 902.484 ; gain = 502.598
---------------------------------------------------------------------------------
INFO: [Synth 8-5544] ROM "i2c_started" won't be mapped to Block RAM because address size (4) smaller than threshold (5)
INFO: [Synth 8-5546] ROM "i2c_scl" won't be mapped to RAM because it is too sparse
INFO: [Synth 8-5546] ROM "i2c_scl" won't be mapped to RAM because it is too sparse
INFO: [Synth 8-5546] ROM "i2c_sda" won't be mapped to RAM because it is too sparse
INFO: [Synth 8-5546] ROM "state" won't be mapped to RAM because it is too sparse
INFO: [Synth 8-5544] ROM "state" won't be mapped to Block RAM because address size (4) smaller than threshold (5)
INFO: [Synth 8-5546] ROM "state" won't be mapped to RAM because it is too sparse
INFO: [Synth 8-5546] ROM "bitcount" won't be mapped to RAM because it is too sparse
INFO: [Synth 8-5546] ROM "i2c_data" won't be mapped to RAM because it is too sparse
INFO: [Synth 8-5544] ROM "i2c_bits_left" won't be mapped to Block RAM because address size (4) smaller than threshold (5)
WARNING: [Synth 8-6014] Unused sequential element data_reg was removed.  [c:/work/miet/mag_sem_3/magSem3_FPGA/project/ZedBoard/ZedBoard.srcs/sources_1/bd/system/ipshared/2bd0/ov7670_controller.vhd:56]
---------------------------------------------------------------------------------
Finished RTL Optimization Phase 2 : Time (s): cpu = 00:00:24 ; elapsed = 00:00:33 . Memory (MB): peak = 902.484 ; gain = 502.598
---------------------------------------------------------------------------------

Report RTL Partitions: 
+-+--------------+------------+----------+
| |RTL Partition |Replication |Instances |
+-+--------------+------------+----------+
+-+--------------+------------+----------+
---------------------------------------------------------------------------------
Start RTL Component Statistics 
---------------------------------------------------------------------------------
Detailed RTL Component Info : 
+---Adders : 
	   2 Input     16 Bit       Adders := 1     
	   2 Input     10 Bit       Adders := 1     
	   2 Input      8 Bit       Adders := 1     
	   2 Input      4 Bit       Adders := 1     
+---XORs : 
	   2 Input      1 Bit         XORs := 1     
+---Registers : 
	               16 Bit    Registers := 2     
	               10 Bit    Registers := 1     
	                9 Bit    Registers := 2     
	                8 Bit    Registers := 2     
	                5 Bit    Registers := 1     
	                4 Bit    Registers := 2     
	                1 Bit    Registers := 8     
+---ROMs : 
	                              ROMs := 1     
+---Muxes : 
	  21 Input     16 Bit        Muxes := 1     
	   2 Input     16 Bit        Muxes := 2     
	   6 Input     16 Bit        Muxes := 1     
	  13 Input     16 Bit        Muxes := 1     
	   2 Input     10 Bit        Muxes := 2     
	   6 Input     10 Bit        Muxes := 1     
	  13 Input     10 Bit        Muxes := 1     
	   2 Input      9 Bit        Muxes := 1     
	   6 Input      9 Bit        Muxes := 1     
	  13 Input      9 Bit        Muxes := 1     
	   6 Input      8 Bit        Muxes := 1     
	   2 Input      8 Bit        Muxes := 2     
	   2 Input      4 Bit        Muxes := 8     
	   4 Input      4 Bit        Muxes := 1     
	   7 Input      4 Bit        Muxes := 1     
	   6 Input      4 Bit        Muxes := 2     
	  13 Input      4 Bit        Muxes := 1     
	   2 Input      2 Bit        Muxes := 1     
	  13 Input      1 Bit        Muxes := 6     
	  19 Input      1 Bit        Muxes := 1     
	   2 Input      1 Bit        Muxes := 38    
	   6 Input      1 Bit        Muxes := 16    
	   7 Input      1 Bit        Muxes := 1     
	  14 Input      1 Bit        Muxes := 1     
	   3 Input      1 Bit        Muxes := 1     
---------------------------------------------------------------------------------
Finished RTL Component Statistics 
---------------------------------------------------------------------------------
---------------------------------------------------------------------------------
Start RTL Hierarchical Component Statistics 
---------------------------------------------------------------------------------
Hierarchical RTL Component report 
Module i3c2 
Detailed RTL Component Info : 
+---Adders : 
	   2 Input     16 Bit       Adders := 1     
	   2 Input     10 Bit       Adders := 1     
	   2 Input      8 Bit       Adders := 1     
	   2 Input      4 Bit       Adders := 1     
+---XORs : 
	   2 Input      1 Bit         XORs := 1     
+---Registers : 
	               16 Bit    Registers := 2     
	               10 Bit    Registers := 1     
	                9 Bit    Registers := 1     
	                8 Bit    Registers := 2     
	                5 Bit    Registers := 1     
	                4 Bit    Registers := 2     
	                1 Bit    Registers := 7     
+---Muxes : 
	  21 Input     16 Bit        Muxes := 1     
	   2 Input     16 Bit        Muxes := 2     
	   6 Input     16 Bit        Muxes := 1     
	  13 Input     16 Bit        Muxes := 1     
	   2 Input     10 Bit        Muxes := 2     
	   6 Input     10 Bit        Muxes := 1     
	  13 Input     10 Bit        Muxes := 1     
	   2 Input      9 Bit        Muxes := 1     
	   6 Input      9 Bit        Muxes := 1     
	  13 Input      9 Bit        Muxes := 1     
	   6 Input      8 Bit        Muxes := 1     
	   2 Input      8 Bit        Muxes := 2     
	   2 Input      4 Bit        Muxes := 8     
	   4 Input      4 Bit        Muxes := 1     
	   7 Input      4 Bit        Muxes := 1     
	   6 Input      4 Bit        Muxes := 2     
	  13 Input      4 Bit        Muxes := 1     
	   2 Input      2 Bit        Muxes := 1     
	  13 Input      1 Bit        Muxes := 6     
	  19 Input      1 Bit        Muxes := 1     
	   2 Input      1 Bit        Muxes := 38    
	   6 Input      1 Bit        Muxes := 16    
	   7 Input      1 Bit        Muxes := 1     
	  14 Input      1 Bit        Muxes := 1     
	   3 Input      1 Bit        Muxes := 1     
Module ov7670_controller 
Detailed RTL Component Info : 
+---Registers : 
	                9 Bit    Registers := 1     
	                1 Bit    Registers := 1     
+---ROMs : 
	                              ROMs := 1     
---------------------------------------------------------------------------------
Finished RTL Hierarchical Component Statistics
---------------------------------------------------------------------------------
---------------------------------------------------------------------------------
Start Part Resource Summary
---------------------------------------------------------------------------------
Part Resources:
DSPs: 220 (col length:60)
BRAMs: 280 (col length: RAMB18 60 RAMB36 30)
---------------------------------------------------------------------------------
Finished Part Resource Summary
---------------------------------------------------------------------------------
---------------------------------------------------------------------------------
Start Cross Boundary and Area Optimization
---------------------------------------------------------------------------------
Warning: Parallel synthesis criteria is not met 
WARNING: [Synth 8-6014] Unused sequential element U0/Inst_i3c2/reg_addr_reg was removed.  [c:/work/miet/mag_sem_3/magSem3_FPGA/project/ZedBoard/ZedBoard.srcs/sources_1/bd/system/ipshared/2bd0/i3c2.vhd:238]
WARNING: [Synth 8-6014] Unused sequential element U0/Inst_i3c2/reg_data_reg was removed.  [c:/work/miet/mag_sem_3/magSem3_FPGA/project/ZedBoard/ZedBoard.srcs/sources_1/bd/system/ipshared/2bd0/i3c2.vhd:163]
WARNING: [Synth 8-6014] Unused sequential element U0/Inst_i3c2/reg_write_reg was removed.  [c:/work/miet/mag_sem_3/magSem3_FPGA/project/ZedBoard/ZedBoard.srcs/sources_1/bd/system/ipshared/2bd0/i3c2.vhd:164]
WARNING: [Synth 8-6014] Unused sequential element U0/Inst_i3c2/error_reg was removed.  [c:/work/miet/mag_sem_3/magSem3_FPGA/project/ZedBoard/ZedBoard.srcs/sources_1/bd/system/ipshared/2bd0/i3c2.vhd:302]
INFO: [Synth 8-5546] ROM "U0/Inst_i3c2/bitcount" won't be mapped to RAM because it is too sparse
INFO: [Synth 8-5546] ROM "U0/Inst_i3c2/state" won't be mapped to RAM because it is too sparse
INFO: [Synth 8-5546] ROM "U0/Inst_i3c2/i2c_scl" won't be mapped to RAM because it is too sparse
INFO: [Synth 8-5546] ROM "U0/Inst_i3c2/i2c_sda" won't be mapped to RAM because it is too sparse
WARNING: [Synth 8-6040] Register U0/Inst_i3c2/pcnext_reg_rep driving address of a ROM cannot be packed in BRAM/URAM because of presence of initial value.
WARNING: [Synth 8-6014] Unused sequential element U0/data_reg was removed.  [c:/work/miet/mag_sem_3/magSem3_FPGA/project/ZedBoard/ZedBoard.srcs/sources_1/bd/system/ipshared/2bd0/ov7670_controller.vhd:56]
INFO: [Synth 8-3332] Sequential element (U0/Inst_i3c2/outputs_reg[15]) is unused and will be removed from module system_ov7670_controller_0_0.
INFO: [Synth 8-3332] Sequential element (U0/Inst_i3c2/outputs_reg[14]) is unused and will be removed from module system_ov7670_controller_0_0.
INFO: [Synth 8-3332] Sequential element (U0/Inst_i3c2/outputs_reg[13]) is unused and will be removed from module system_ov7670_controller_0_0.
INFO: [Synth 8-3332] Sequential element (U0/Inst_i3c2/outputs_reg[12]) is unused and will be removed from module system_ov7670_controller_0_0.
INFO: [Synth 8-3332] Sequential element (U0/Inst_i3c2/outputs_reg[11]) is unused and will be removed from module system_ov7670_controller_0_0.
INFO: [Synth 8-3332] Sequential element (U0/Inst_i3c2/outputs_reg[10]) is unused and will be removed from module system_ov7670_controller_0_0.
INFO: [Synth 8-3332] Sequential element (U0/Inst_i3c2/outputs_reg[9]) is unused and will be removed from module system_ov7670_controller_0_0.
INFO: [Synth 8-3332] Sequential element (U0/Inst_i3c2/outputs_reg[8]) is unused and will be removed from module system_ov7670_controller_0_0.
INFO: [Synth 8-3332] Sequential element (U0/Inst_i3c2/outputs_reg[7]) is unused and will be removed from module system_ov7670_controller_0_0.
INFO: [Synth 8-3332] Sequential element (U0/Inst_i3c2/outputs_reg[6]) is unused and will be removed from module system_ov7670_controller_0_0.
INFO: [Synth 8-3332] Sequential element (U0/Inst_i3c2/outputs_reg[5]) is unused and will be removed from module system_ov7670_controller_0_0.
INFO: [Synth 8-3332] Sequential element (U0/Inst_i3c2/outputs_reg[4]) is unused and will be removed from module system_ov7670_controller_0_0.
INFO: [Synth 8-3332] Sequential element (U0/Inst_i3c2/outputs_reg[3]) is unused and will be removed from module system_ov7670_controller_0_0.
INFO: [Synth 8-3332] Sequential element (U0/Inst_i3c2/outputs_reg[2]) is unused and will be removed from module system_ov7670_controller_0_0.
INFO: [Synth 8-3332] Sequential element (U0/Inst_i3c2/outputs_reg[1]) is unused and will be removed from module system_ov7670_controller_0_0.
INFO: [Synth 8-3332] Sequential element (U0/Inst_i3c2/i2c_doing_read_reg) is unused and will be removed from module system_ov7670_controller_0_0.
---------------------------------------------------------------------------------
Finished Cross Boundary and Area Optimization : Time (s): cpu = 00:00:27 ; elapsed = 00:00:36 . Memory (MB): peak = 902.484 ; gain = 502.598
---------------------------------------------------------------------------------
---------------------------------------------------------------------------------
Start ROM, RAM, DSP and Shift Register Reporting
---------------------------------------------------------------------------------

ROM:
+-----------------------------+-------------+---------------+----------------+
|Module Name                  | RTL Object  | Depth x Width | Implemented As | 
+-----------------------------+-------------+---------------+----------------+
|ov7670_controller            | data_reg    | 1024x9        | Block RAM      | 
|system_ov7670_controller_0_0 | U0/data_reg | 1024x9        | Block RAM      | 
+-----------------------------+-------------+---------------+----------------+

---------------------------------------------------------------------------------
Finished ROM, RAM, DSP and Shift Register Reporting
---------------------------------------------------------------------------------
INFO: [Synth 8-4480] The timing for the instance U0i_2/U0/data_reg (implemented as a block RAM) might be sub-optimal as no optional output register could be merged into the block ram. Providing additional output register may help in improving timing.

Report RTL Partitions: 
+-+--------------+------------+----------+
| |RTL Partition |Replication |Instances |
+-+--------------+------------+----------+
+-+--------------+------------+----------+
---------------------------------------------------------------------------------
Start Applying XDC Timing Constraints
---------------------------------------------------------------------------------
---------------------------------------------------------------------------------
Finished Applying XDC Timing Constraints : Time (s): cpu = 00:00:43 ; elapsed = 00:00:55 . Memory (MB): peak = 907.484 ; gain = 507.598
---------------------------------------------------------------------------------
---------------------------------------------------------------------------------
Start Timing Optimization
---------------------------------------------------------------------------------
---------------------------------------------------------------------------------
Finished Timing Optimization : Time (s): cpu = 00:00:43 ; elapsed = 00:00:55 . Memory (MB): peak = 907.707 ; gain = 507.820
---------------------------------------------------------------------------------

Report RTL Partitions: 
+-+--------------+------------+----------+
| |RTL Partition |Replication |Instances |
+-+--------------+------------+----------+
+-+--------------+------------+----------+
---------------------------------------------------------------------------------
Start Technology Mapping
---------------------------------------------------------------------------------
INFO: [Synth 8-4480] The timing for the instance U0/data_reg (implemented as a block RAM) might be sub-optimal as no optional output register could be merged into the block ram. Providing additional output register may help in improving timing.
---------------------------------------------------------------------------------
Finished Technology Mapping : Time (s): cpu = 00:00:44 ; elapsed = 00:00:56 . Memory (MB): peak = 929.922 ; gain = 530.035
---------------------------------------------------------------------------------

Report RTL Partitions: 
+-+--------------+------------+----------+
| |RTL Partition |Replication |Instances |
+-+--------------+------------+----------+
+-+--------------+------------+----------+
---------------------------------------------------------------------------------
Start IO Insertion
---------------------------------------------------------------------------------
---------------------------------------------------------------------------------
Start Flattening Before IO Insertion
---------------------------------------------------------------------------------
---------------------------------------------------------------------------------
Finished Flattening Before IO Insertion
---------------------------------------------------------------------------------
---------------------------------------------------------------------------------
Start Final Netlist Cleanup
---------------------------------------------------------------------------------
---------------------------------------------------------------------------------
Finished Final Netlist Cleanup
---------------------------------------------------------------------------------
CRITICAL WARNING: [Synth 8-5799] Converted tricell instance 'U0i_0' to logic
---------------------------------------------------------------------------------
Finished IO Insertion : Time (s): cpu = 00:00:45 ; elapsed = 00:00:57 . Memory (MB): peak = 929.922 ; gain = 530.035
---------------------------------------------------------------------------------

Report Check Netlist: 
+------+------------------+-------+---------+-------+------------------+
|      |Item              |Errors |Warnings |Status |Description       |
+------+------------------+-------+---------+-------+------------------+
|1     |multi_driven_nets |      0|        0|Passed |Multi driven nets |
+------+------------------+-------+---------+-------+------------------+
---------------------------------------------------------------------------------
Start Renaming Generated Instances
---------------------------------------------------------------------------------
---------------------------------------------------------------------------------
Finished Renaming Generated Instances : Time (s): cpu = 00:00:45 ; elapsed = 00:00:57 . Memory (MB): peak = 929.922 ; gain = 530.035
---------------------------------------------------------------------------------

Report RTL Partitions: 
+-+--------------+------------+----------+
| |RTL Partition |Replication |Instances |
+-+--------------+------------+----------+
+-+--------------+------------+----------+
---------------------------------------------------------------------------------
Start Rebuilding User Hierarchy
---------------------------------------------------------------------------------
---------------------------------------------------------------------------------
Finished Rebuilding User Hierarchy : Time (s): cpu = 00:00:45 ; elapsed = 00:00:57 . Memory (MB): peak = 929.922 ; gain = 530.035
---------------------------------------------------------------------------------
---------------------------------------------------------------------------------
Start Renaming Generated Ports
---------------------------------------------------------------------------------
---------------------------------------------------------------------------------
Finished Renaming Generated Ports : Time (s): cpu = 00:00:45 ; elapsed = 00:00:57 . Memory (MB): peak = 929.922 ; gain = 530.035
---------------------------------------------------------------------------------
---------------------------------------------------------------------------------
Start Handling Custom Attributes
---------------------------------------------------------------------------------
---------------------------------------------------------------------------------
Finished Handling Custom Attributes : Time (s): cpu = 00:00:45 ; elapsed = 00:00:57 . Memory (MB): peak = 929.922 ; gain = 530.035
---------------------------------------------------------------------------------
---------------------------------------------------------------------------------
Start Renaming Generated Nets
---------------------------------------------------------------------------------
---------------------------------------------------------------------------------
Finished Renaming Generated Nets : Time (s): cpu = 00:00:45 ; elapsed = 00:00:57 . Memory (MB): peak = 929.922 ; gain = 530.035
---------------------------------------------------------------------------------
---------------------------------------------------------------------------------
Start Writing Synthesis Report
---------------------------------------------------------------------------------

Report BlackBoxes: 
+-+--------------+----------+
| |BlackBox name |Instances |
+-+--------------+----------+
+-+--------------+----------+

Report Cell Usage: 
+------+---------+------+
|      |Cell     |Count |
+------+---------+------+
|1     |CARRY4   |     4|
|2     |LUT1     |    16|
|3     |LUT2     |    14|
|4     |LUT3     |    14|
|5     |LUT4     |    21|
|6     |LUT5     |    24|
|7     |LUT6     |    70|
|8     |RAMB18E1 |     1|
|9     |FDRE     |    69|
+------+---------+------+

Report Instance Areas: 
+------+--------------+------------------+------+
|      |Instance      |Module            |Cells |
+------+--------------+------------------+------+
|1     |top           |                  |   233|
|2     |  U0          |ov7670_controller |   232|
|3     |    Inst_i3c2 |i3c2              |   229|
+------+--------------+------------------+------+
---------------------------------------------------------------------------------
Finished Writing Synthesis Report : Time (s): cpu = 00:00:45 ; elapsed = 00:00:57 . Memory (MB): peak = 929.922 ; gain = 530.035
---------------------------------------------------------------------------------
Synthesis finished with 0 errors, 1 critical warnings and 7 warnings.
Synthesis Optimization Runtime : Time (s): cpu = 00:00:27 ; elapsed = 00:00:39 . Memory (MB): peak = 929.922 ; gain = 180.664
Synthesis Optimization Complete : Time (s): cpu = 00:00:46 ; elapsed = 00:00:58 . Memory (MB): peak = 929.922 ; gain = 530.035
INFO: [Project 1-571] Translating synthesized netlist
INFO: [Netlist 29-17] Analyzing 5 Unisim elements for replacement
INFO: [Netlist 29-28] Unisim Transformation completed in 0 CPU seconds
INFO: [Project 1-570] Preparing netlist for logic optimization
INFO: [Opt 31-138] Pushed 0 inverter(s) to 0 load pin(s).
INFO: [Project 1-111] Unisim Transformation Summary:
No Unisim elements were transformed.

INFO: [Common 17-83] Releasing license: Synthesis
51 Infos, 23 Warnings, 1 Critical Warnings and 0 Errors encountered.
synth_design completed successfully
synth_design: Time (s): cpu = 00:00:48 ; elapsed = 00:01:01 . Memory (MB): peak = 929.922 ; gain = 541.551
WARNING: [Constraints 18-5210] No constraint will be written out.
INFO: [Common 17-1381] The checkpoint 'C:/work/miet/mag_sem_3/magSem3_FPGA/project/ZedBoard/ZedBoard.runs/system_ov7670_controller_0_0_synth_1/system_ov7670_controller_0_0.dcp' has been generated.
