#-----------------------------------------------------------
# Vivado v2018.2 (64-bit)
# SW Build 2258646 on Thu Jun 14 20:03:12 MDT 2018
# IP Build 2256618 on Thu Jun 14 22:10:49 MDT 2018
# Start of session at: Sun Nov 21 01:36:51 2021
# Process ID: 9964
# Current directory: C:/Users/Viktor/Desktop/study/verilog_shit/magSem3_FPGA/project/ZedBoard
# Command line: vivado.exe -gui_launcher_event rodinguilauncherevent7104 C:\Users\Viktor\Desktop\study\verilog_shit\magSem3_FPGA\project\ZedBoard\ZedBoard.xpr
# Log file: C:/Users/Viktor/Desktop/study/verilog_shit/magSem3_FPGA/project/ZedBoard/vivado.log
# Journal file: C:/Users/Viktor/Desktop/study/verilog_shit/magSem3_FPGA/project/ZedBoard\vivado.jou
#-----------------------------------------------------------
start_gui
open_project C:/Users/Viktor/Desktop/study/verilog_shit/magSem3_FPGA/project/ZedBoard/ZedBoard.xpr
INFO: [Project 1-313] Project file moved from 'C:/work/miet/mag_sem_3/magSem3_FPGA/project/ZedBoard' since last save.
Scanning sources...
Finished scanning sources
WARNING: [filemgmt 56-2] IPUserFilesDir: Could not find the directory 'C:/Users/Viktor/Desktop/study/verilog_shit/magSem3_FPGA/project/ZedBoard/ZedBoard.ip_user_files', nor could it be found using path 'C:/work/miet/mag_sem_3/magSem3_FPGA/project/ZedBoard/ZedBoard.ip_user_files'.
CRITICAL WARNING: [Board 49-67] The board_part definition was not found for digilentinc.com:zedboard:part0:1.0. This can happen sometimes when you use custom board part. You can resolve this issue by setting 'board.repoPaths' parameter, pointing to the location of custom board files. Valid board_part values can be retrieved with the 'get_board_parts' Tcl command.
INFO: [IP_Flow 19-234] Refreshing IP repositories
INFO: [IP_Flow 19-1700] Loaded user IP repository 'c:/Users/Viktor/Desktop/study/verilog_shit/magSem3_FPGA/src/vivado-library'.
INFO: [IP_Flow 19-2313] Loaded Vivado IP repository 'C:/Xilinx/Vivado/2018.2/data/ip'.
WARNING: [BD 41-1661] One or more IPs have been locked in the design 'system.bd'. Please run report_ip_status for more details and recommendations on how to fix this issue.
List of locked IPs:
system_axi_gpio_0_0
system_processing_system7_0_0
system_axi_gpio_1_0
system_PmodMTDS_0_0
system_rst_ps7_0_100M_0

open_project: Time (s): cpu = 00:00:30 ; elapsed = 00:00:23 . Memory (MB): peak = 956.547 ; gain = 220.504
update_compile_order -fileset sources_1
exit
INFO: [Common 17-206] Exiting Vivado at Sun Nov 21 01:37:37 2021...
