#-----------------------------------------------------------
# Vivado v2019.1 (64-bit)
# SW Build 2552052 on Fri May 24 14:49:42 MDT 2019
# IP Build 2548770 on Fri May 24 18:01:18 MDT 2019
# Start of session at: Tue Jan 25 21:27:05 2022
# Process ID: 10952
# Current directory: c:/work/miet/mag_sem_3/magSem3_FPGA/project/ZedBoard
# Command line: vivado.exe -gui_launcher_event rodinguilauncherevent5516 C:\work\miet\mag_sem_3\magSem3_FPGA\project\ZedBoard\ZedBoard.xpr
# Log file: c:/work/miet/mag_sem_3/magSem3_FPGA/project/ZedBoard/vivado.log
# Journal file: c:/work/miet/mag_sem_3/magSem3_FPGA/project/ZedBoard\vivado.jou
#-----------------------------------------------------------
start_gui
open_project C:/work/miet/mag_sem_3/magSem3_FPGA/project/ZedBoard/ZedBoard.xpr
Scanning sources...
Finished scanning sources
WARNING: [filemgmt 56-3] IP Repository Path: Could not find the directory 'C:/work/miet/mag_sem_3/ip_repo/ov7670_controller'.
WARNING: [filemgmt 56-3] IP Repository Path: Could not find the directory 'C:/work/miet/mag_sem_3/ip_repo/ov7670_debounce'.
WARNING: [filemgmt 56-3] IP Repository Path: Could not find the directory 'C:/work/miet/mag_sem_3/ip_repo/ov7670_decode_stream'.
WARNING: [filemgmt 56-3] IP Repository Path: Could not find the directory 'C:/work/miet/mag_sem_3/ip_repo/stream_to_vga'.
WARNING: [filemgmt 56-3] IP Repository Path: Could not find the directory 'C:/work/miet/mag_sem_3/ip_repo/ov7670_controller'.
WARNING: [filemgmt 56-3] IP Repository Path: Could not find the directory 'C:/work/miet/mag_sem_3/ip_repo/ov7670_debounce'.
WARNING: [filemgmt 56-3] IP Repository Path: Could not find the directory 'C:/work/miet/mag_sem_3/ip_repo/ov7670_decode_stream'.
WARNING: [filemgmt 56-3] IP Repository Path: Could not find the directory 'C:/work/miet/mag_sem_3/ip_repo/stream_to_vga'.
INFO: [IP_Flow 19-234] Refreshing IP repositories
WARNING: [IP_Flow 19-2248] Failed to load user IP repository 'c:/work/miet/mag_sem_3/ip_repo/ov7670_controller'; Can't find the specified path.
If this directory should no longer be in your list of user repositories, go to the IP Settings dialog and remove it.
WARNING: [IP_Flow 19-2248] Failed to load user IP repository 'c:/work/miet/mag_sem_3/ip_repo/ov7670_debounce'; Can't find the specified path.
If this directory should no longer be in your list of user repositories, go to the IP Settings dialog and remove it.
WARNING: [IP_Flow 19-2248] Failed to load user IP repository 'c:/work/miet/mag_sem_3/ip_repo/ov7670_decode_stream'; Can't find the specified path.
If this directory should no longer be in your list of user repositories, go to the IP Settings dialog and remove it.
WARNING: [IP_Flow 19-2248] Failed to load user IP repository 'c:/work/miet/mag_sem_3/ip_repo/stream_to_vga'; Can't find the specified path.
If this directory should no longer be in your list of user repositories, go to the IP Settings dialog and remove it.
WARNING: [IP_Flow 19-2207] Repository 'c:/work/miet/mag_sem_3/ip_repo/ov7670_controller' already exists; ignoring attempt to add it again.
WARNING: [IP_Flow 19-2248] Failed to load user IP repository 'c:/work/miet/mag_sem_3/ip_repo/ov7670_controller'; Can't find the specified path.
If this directory should no longer be in your list of user repositories, go to the IP Settings dialog and remove it.
WARNING: [IP_Flow 19-2207] Repository 'c:/work/miet/mag_sem_3/ip_repo/ov7670_debounce' already exists; ignoring attempt to add it again.
WARNING: [IP_Flow 19-2248] Failed to load user IP repository 'c:/work/miet/mag_sem_3/ip_repo/ov7670_debounce'; Can't find the specified path.
If this directory should no longer be in your list of user repositories, go to the IP Settings dialog and remove it.
WARNING: [IP_Flow 19-2207] Repository 'c:/work/miet/mag_sem_3/ip_repo/ov7670_decode_stream' already exists; ignoring attempt to add it again.
WARNING: [IP_Flow 19-2248] Failed to load user IP repository 'c:/work/miet/mag_sem_3/ip_repo/ov7670_decode_stream'; Can't find the specified path.
If this directory should no longer be in your list of user repositories, go to the IP Settings dialog and remove it.
WARNING: [IP_Flow 19-2207] Repository 'c:/work/miet/mag_sem_3/ip_repo/stream_to_vga' already exists; ignoring attempt to add it again.
WARNING: [IP_Flow 19-2248] Failed to load user IP repository 'c:/work/miet/mag_sem_3/ip_repo/stream_to_vga'; Can't find the specified path.
If this directory should no longer be in your list of user repositories, go to the IP Settings dialog and remove it.
INFO: [IP_Flow 19-2313] Loaded Vivado IP repository 'D:/Xilinx/Vivado/2019.1/data/ip'.
WARNING: [BD 41-1661] One or more IPs have been locked in the design 'system.bd'. Please run report_ip_status for more details and recommendations on how to fix this issue.
List of locked IPs:
system_ov7670_decode_stream_0_0
system_stream_to_vga_0_0

open_project: Time (s): cpu = 00:00:18 ; elapsed = 00:00:08 . Memory (MB): peak = 836.254 ; gain = 215.051
update_compile_order -fileset sources_1
file mkdir C:/work/miet/mag_sem_3/magSem3_FPGA/project/ZedBoard/ZedBoard.sdk
file copy -force C:/work/miet/mag_sem_3/magSem3_FPGA/project/ZedBoard/ZedBoard.runs/impl_1/system_wrapper.sysdef C:/work/miet/mag_sem_3/magSem3_FPGA/project/ZedBoard/ZedBoard.sdk/system_wrapper.hdf

launch_sdk -workspace C:/work/miet/mag_sem_3/magSem3_FPGA/project/ZedBoard/ZedBoard.sdk -hwspec C:/work/miet/mag_sem_3/magSem3_FPGA/project/ZedBoard/ZedBoard.sdk/system_wrapper.hdf
INFO: [Vivado 12-393] Launching SDK...
INFO: [Vivado 12-417] Running xsdk -workspace C:/work/miet/mag_sem_3/magSem3_FPGA/project/ZedBoard/ZedBoard.sdk -hwspec C:/work/miet/mag_sem_3/magSem3_FPGA/project/ZedBoard/ZedBoard.sdk/system_wrapper.hdf
INFO: [Vivado 12-3157] SDK launch initiated. Please check console for any further messages.
write_project_tcl -use_bd_files -force {C:/work/miet/mag_sem_3/magSem3_FPGA/project/ZedBoard.tcl}
INFO: [Vivado-projutils-8] Tcl script 'ZedBoard.tcl' generated in output directory 'C:/work/miet/mag_sem_3/magSem3_FPGA/project'

INFO: [Vivado-projutils-15] Please note that by default, the file path for the project source files were set wth respect to the 'origin_dir' variable in the
 generated script. When this script is executed from the output directory, these source files will be referenced with respect to this 'origin_dir' path value.
 In case this script was later moved to a different directory, the 'origin_dir' value must be set manually in the script with the path
 relative to the new output directory to make sure that the source files are referenced correctly from the original project. You can also set the
 'origin_dir' automatically by setting the 'origin_dir_loc' variable in the tcl shell before sourcing this generated script. The 'origin_dir_loc'
 variable should be set to the path relative to the new output directory. Alternatively, if you are sourcing the script from the Vivado command line,
 then set the origin dir using '-tclargs --origin_dir <path>'. For example, 'vivado -mode tcl -source ZedBoard.tcl -tclargs --origin_dir ".."

WARNING: [Vivado-projutils-10] Found source(s) that were local or imported into the project. If this project is being source controlled, then
 please ensure that the project source(s) are also part of this source controlled data. The list of these local source(s) can be found in the generated script
 under the header section.

write_project_tcl: Time (s): cpu = 00:00:11 ; elapsed = 00:00:06 . Memory (MB): peak = 1151.617 ; gain = 0.000
exit
INFO: [Common 17-206] Exiting Vivado at Tue Jan 25 21:48:16 2022...
